This file contains any messages produced by compilers while
running configure, to aid debugging if configure makes a mistake.

It was created by libunwind configure 1.0, which was
generated by GNU Autoconf 2.69.  Invocation command line was

  $ ./configure --enable-shared=no --disable-block-signals --enable-debug=no --enable-debug-frame=no --enable-cxx-exceptions

## --------- ##
## Platform. ##
## --------- ##

hostname = max-OptiPlex-7040
uname -m = x86_64
uname -r = 4.10.0-40-generic
uname -s = Linux
uname -v = #44~16.04.1-Ubuntu SMP Thu Nov 9 15:37:44 UTC 2017

/usr/bin/uname -p = unknown
/bin/uname -X     = unknown

/bin/arch              = unknown
/usr/bin/arch -k       = unknown
/usr/convex/getsysinfo = unknown
/usr/bin/hostinfo      = unknown
/bin/machine           = unknown
/usr/bin/oslevel       = unknown
/bin/universe          = unknown

PATH: /home/max/.cargo/bin
PATH: /home/max/bin
PATH: /home/max/.local/bin
PATH: /usr/local/sbin
PATH: /usr/local/bin
PATH: /usr/sbin
PATH: /usr/bin
PATH: /sbin
PATH: /bin
PATH: /usr/games
PATH: /usr/local/games
PATH: /snap/bin


## ----------- ##
## Core tests. ##
## ----------- ##

configure:2818: checking build system type
configure:2832: result: x86_64-pc-linux-gnu
configure:2852: checking host system type
configure:2865: result: x86_64-pc-linux-gnu
configure:2885: checking target system type
configure:2898: result: x86_64-pc-linux-gnu
configure:2941: checking for a BSD-compatible install
configure:3009: result: /usr/bin/install -c
configure:3020: checking whether build environment is sane
configure:3075: result: yes
configure:3226: checking for a thread-safe mkdir -p
configure:3265: result: /bin/mkdir -p
configure:3272: checking for gawk
configure:3302: result: no
configure:3272: checking for mawk
configure:3288: found /usr/bin/mawk
configure:3299: result: mawk
configure:3310: checking whether make sets $(MAKE)
configure:3332: result: yes
configure:3361: checking whether make supports nested variables
configure:3378: result: yes
configure:3505: checking whether to enable maintainer-specific portions of Makefiles
configure:3514: result: no
configure:3578: checking for gcc
configure:3594: found /usr/bin/gcc
configure:3605: result: gcc
configure:3834: checking for C compiler version
configure:3843: gcc --version >&5
gcc (Ubuntu 5.4.0-6ubuntu1~16.04.5) 5.4.0 20160609
Copyright (C) 2015 Free Software Foundation, Inc.
This is free software; see the source for copying conditions.  There is NO
warranty; not even for MERCHANTABILITY or FITNESS FOR A PARTICULAR PURPOSE.

configure:3854: $? = 0
configure:3843: gcc -v >&5
Using built-in specs.
COLLECT_GCC=gcc
COLLECT_LTO_WRAPPER=/usr/lib/gcc/x86_64-linux-gnu/5/lto-wrapper
Target: x86_64-linux-gnu
Configured with: ../src/configure -v --with-pkgversion='Ubuntu 5.4.0-6ubuntu1~16.04.5' --with-bugurl=file:///usr/share/doc/gcc-5/README.Bugs --enable-languages=c,ada,c++,java,go,d,fortran,objc,obj-c++ --prefix=/usr --program-suffix=-5 --enable-shared --enable-linker-build-id --libexecdir=/usr/lib --without-included-gettext --enable-threads=posix --libdir=/usr/lib --enable-nls --with-sysroot=/ --enable-clocale=gnu --enable-libstdcxx-debug --enable-libstdcxx-time=yes --with-default-libstdcxx-abi=new --enable-gnu-unique-object --disable-vtable-verify --enable-libmpx --enable-plugin --with-system-zlib --disable-browser-plugin --enable-java-awt=gtk --enable-gtk-cairo --with-java-home=/usr/lib/jvm/java-1.5.0-gcj-5-amd64/jre --enable-java-home --with-jvm-root-dir=/usr/lib/jvm/java-1.5.0-gcj-5-amd64 --with-jvm-jar-dir=/usr/lib/jvm-exports/java-1.5.0-gcj-5-amd64 --with-arch-directory=amd64 --with-ecj-jar=/usr/share/java/eclipse-ecj.jar --enable-objc-gc --enable-multiarch --disable-werror --with-arch-32=i686 --with-abi=m64 --with-multilib-list=m32,m64,mx32 --enable-multilib --with-tune=generic --enable-checking=release --build=x86_64-linux-gnu --host=x86_64-linux-gnu --target=x86_64-linux-gnu
Thread model: posix
gcc version 5.4.0 20160609 (Ubuntu 5.4.0-6ubuntu1~16.04.5) 
configure:3854: $? = 0
configure:3843: gcc -V >&5
gcc: error: unrecognized command line option '-V'
gcc: fatal error: no input files
compilation terminated.
configure:3854: $? = 1
configure:3843: gcc -qversion >&5
gcc: error: unrecognized command line option '-qversion'
gcc: fatal error: no input files
compilation terminated.
configure:3854: $? = 1
configure:3874: checking whether the C compiler works
configure:3896: gcc -DHAVE_SGX=1 -DUNW_LOCAL_ONLY -fno-builtin -fPIC -std=c99    conftest.c  >&5
configure:3900: $? = 0
configure:3948: result: yes
configure:3951: checking for C compiler default output file name
configure:3953: result: a.out
configure:3959: checking for suffix of executables
configure:3966: gcc -o conftest -DHAVE_SGX=1 -DUNW_LOCAL_ONLY -fno-builtin -fPIC -std=c99    conftest.c  >&5
configure:3970: $? = 0
configure:3992: result: 
configure:4014: checking whether we are cross compiling
configure:4022: gcc -o conftest -DHAVE_SGX=1 -DUNW_LOCAL_ONLY -fno-builtin -fPIC -std=c99    conftest.c  >&5
configure:4026: $? = 0
configure:4033: ./conftest
configure:4037: $? = 0
configure:4052: result: no
configure:4057: checking for suffix of object files
configure:4079: gcc -c -DHAVE_SGX=1 -DUNW_LOCAL_ONLY -fno-builtin -fPIC -std=c99   conftest.c >&5
configure:4083: $? = 0
configure:4104: result: o
configure:4108: checking whether we are using the GNU C compiler
configure:4127: gcc -c -DHAVE_SGX=1 -DUNW_LOCAL_ONLY -fno-builtin -fPIC -std=c99   conftest.c >&5
configure:4127: $? = 0
configure:4136: result: yes
configure:4145: checking whether gcc accepts -g
configure:4165: gcc -c -g  conftest.c >&5
configure:4165: $? = 0
configure:4206: result: yes
configure:4223: checking for gcc option to accept ISO C89
configure:4286: gcc  -c -DHAVE_SGX=1 -DUNW_LOCAL_ONLY -fno-builtin -fPIC -std=c99   conftest.c >&5
configure:4286: $? = 0
configure:4299: result: none needed
configure:4324: checking whether gcc understands -c and -o together
configure:4346: gcc -c conftest.c -o conftest2.o
configure:4349: $? = 0
configure:4346: gcc -c conftest.c -o conftest2.o
configure:4349: $? = 0
configure:4361: result: yes
configure:4389: checking for style of include used by make
configure:4417: result: GNU
configure:4443: checking dependency style of gcc
configure:4554: result: gcc3
configure:4627: checking for g++
configure:4643: found /usr/bin/g++
configure:4654: result: g++
configure:4681: checking for C++ compiler version
configure:4690: g++ --version >&5
g++ (Ubuntu 5.4.0-6ubuntu1~16.04.5) 5.4.0 20160609
Copyright (C) 2015 Free Software Foundation, Inc.
This is free software; see the source for copying conditions.  There is NO
warranty; not even for MERCHANTABILITY or FITNESS FOR A PARTICULAR PURPOSE.

configure:4701: $? = 0
configure:4690: g++ -v >&5
Using built-in specs.
COLLECT_GCC=g++
COLLECT_LTO_WRAPPER=/usr/lib/gcc/x86_64-linux-gnu/5/lto-wrapper
Target: x86_64-linux-gnu
Configured with: ../src/configure -v --with-pkgversion='Ubuntu 5.4.0-6ubuntu1~16.04.5' --with-bugurl=file:///usr/share/doc/gcc-5/README.Bugs --enable-languages=c,ada,c++,java,go,d,fortran,objc,obj-c++ --prefix=/usr --program-suffix=-5 --enable-shared --enable-linker-build-id --libexecdir=/usr/lib --without-included-gettext --enable-threads=posix --libdir=/usr/lib --enable-nls --with-sysroot=/ --enable-clocale=gnu --enable-libstdcxx-debug --enable-libstdcxx-time=yes --with-default-libstdcxx-abi=new --enable-gnu-unique-object --disable-vtable-verify --enable-libmpx --enable-plugin --with-system-zlib --disable-browser-plugin --enable-java-awt=gtk --enable-gtk-cairo --with-java-home=/usr/lib/jvm/java-1.5.0-gcj-5-amd64/jre --enable-java-home --with-jvm-root-dir=/usr/lib/jvm/java-1.5.0-gcj-5-amd64 --with-jvm-jar-dir=/usr/lib/jvm-exports/java-1.5.0-gcj-5-amd64 --with-arch-directory=amd64 --with-ecj-jar=/usr/share/java/eclipse-ecj.jar --enable-objc-gc --enable-multiarch --disable-werror --with-arch-32=i686 --with-abi=m64 --with-multilib-list=m32,m64,mx32 --enable-multilib --with-tune=generic --enable-checking=release --build=x86_64-linux-gnu --host=x86_64-linux-gnu --target=x86_64-linux-gnu
Thread model: posix
gcc version 5.4.0 20160609 (Ubuntu 5.4.0-6ubuntu1~16.04.5) 
configure:4701: $? = 0
configure:4690: g++ -V >&5
g++: error: unrecognized command line option '-V'
g++: fatal error: no input files
compilation terminated.
configure:4701: $? = 1
configure:4690: g++ -qversion >&5
g++: error: unrecognized command line option '-qversion'
g++: fatal error: no input files
compilation terminated.
configure:4701: $? = 1
configure:4705: checking whether we are using the GNU C++ compiler
configure:4724: g++ -c   conftest.cpp >&5
configure:4724: $? = 0
configure:4733: result: yes
configure:4742: checking whether g++ accepts -g
configure:4762: g++ -c -g  conftest.cpp >&5
configure:4762: $? = 0
configure:4803: result: yes
configure:4828: checking dependency style of g++
configure:4939: result: gcc3
configure:4955: checking whether make sets $(MAKE)
configure:4977: result: yes
configure:5032: checking how to print strings
configure:5059: result: printf
configure:5080: checking for a sed that does not truncate output
configure:5144: result: /bin/sed
configure:5162: checking for grep that handles long lines and -e
configure:5220: result: /bin/grep
configure:5225: checking for egrep
configure:5287: result: /bin/grep -E
configure:5292: checking for fgrep
configure:5354: result: /bin/grep -F
configure:5389: checking for ld used by gcc
configure:5456: result: /usr/bin/ld
configure:5463: checking if the linker (/usr/bin/ld) is GNU ld
configure:5478: result: yes
configure:5490: checking for BSD- or MS-compatible name lister (nm)
configure:5544: result: /usr/bin/nm -B
configure:5674: checking the name lister (/usr/bin/nm -B) interface
configure:5681: gcc -c -DHAVE_SGX=1 -DUNW_LOCAL_ONLY -fno-builtin -fPIC -std=c99   conftest.c >&5
configure:5684: /usr/bin/nm -B "conftest.o"
configure:5687: output
0000000000000000 B some_variable
configure:5694: result: BSD nm
configure:5697: checking whether ln -s works
configure:5701: result: yes
configure:5709: checking the maximum length of command line arguments
configure:5840: result: 1572864
configure:5888: checking how to convert x86_64-pc-linux-gnu file names to x86_64-pc-linux-gnu format
configure:5928: result: func_convert_file_noop
configure:5935: checking how to convert x86_64-pc-linux-gnu file names to toolchain format
configure:5955: result: func_convert_file_noop
configure:5962: checking for /usr/bin/ld option to reload object files
configure:5969: result: -r
configure:6043: checking for objdump
configure:6059: found /usr/bin/objdump
configure:6070: result: objdump
configure:6102: checking how to recognize dependent libraries
configure:6302: result: pass_all
configure:6387: checking for dlltool
configure:6417: result: no
configure:6447: checking how to associate runtime and link libraries
configure:6474: result: printf %s\n
configure:6535: checking for ar
configure:6551: found /usr/bin/ar
configure:6562: result: ar
configure:6599: checking for archiver @FILE support
configure:6616: gcc -c -DHAVE_SGX=1 -DUNW_LOCAL_ONLY -fno-builtin -fPIC -std=c99   conftest.c >&5
configure:6616: $? = 0
configure:6619: ar cru libconftest.a @conftest.lst >&5
ar: `u' modifier ignored since `D' is the default (see `U')
configure:6622: $? = 0
configure:6627: ar cru libconftest.a @conftest.lst >&5
ar: `u' modifier ignored since `D' is the default (see `U')
ar: conftest.o: No such file or directory
configure:6630: $? = 1
configure:6642: result: @
configure:6700: checking for strip
configure:6716: found /usr/bin/strip
configure:6727: result: strip
configure:6799: checking for ranlib
configure:6815: found /usr/bin/ranlib
configure:6826: result: ranlib
configure:6928: checking command to parse /usr/bin/nm -B output from gcc object
configure:7081: gcc -c -DHAVE_SGX=1 -DUNW_LOCAL_ONLY -fno-builtin -fPIC -std=c99   conftest.c >&5
configure:7084: $? = 0
configure:7088: /usr/bin/nm -B conftest.o \| sed -n -e 's/^.*[ ]\([ABCDGIRSTW][ABCDGIRSTW]*\)[ ][ ]*\([_A-Za-z][_A-Za-z0-9]*\)$/\1 \2 \2/p' | sed '/ __gnu_lto/d' \> conftest.nm
configure:7091: $? = 0
configure:7157: gcc -o conftest -DHAVE_SGX=1 -DUNW_LOCAL_ONLY -fno-builtin -fPIC -std=c99    conftest.c conftstm.o >&5
configure:7160: $? = 0
configure:7198: result: ok
configure:7245: checking for sysroot
configure:7275: result: no
configure:7282: checking for a working dd
configure:7320: result: /bin/dd
configure:7324: checking how to truncate binary pipes
configure:7339: result: /bin/dd bs=4096 count=1
configure:7475: gcc -c -DHAVE_SGX=1 -DUNW_LOCAL_ONLY -fno-builtin -fPIC -std=c99   conftest.c >&5
configure:7478: $? = 0
configure:7668: checking for mt
configure:7684: found /bin/mt
configure:7695: result: mt
configure:7718: checking if mt is a manifest tool
configure:7724: mt '-?'
configure:7732: result: no
configure:8409: checking how to run the C preprocessor
configure:8440: gcc -E  conftest.c
configure:8440: $? = 0
configure:8454: gcc -E  conftest.c
conftest.c:11:28: fatal error: ac_nonexistent.h: No such file or directory
compilation terminated.
configure:8454: $? = 1
configure: failed program was:
| /* confdefs.h */
| #define PACKAGE_NAME "libunwind"
| #define PACKAGE_TARNAME "libunwind"
| #define PACKAGE_VERSION "1.0"
| #define PACKAGE_STRING "libunwind 1.0"
| #define PACKAGE_BUGREPORT "libunwind-devel@nongnu.org"
| #define PACKAGE_URL ""
| #define PACKAGE "libunwind"
| #define VERSION "1.0"
| /* end confdefs.h.  */
| #include <ac_nonexistent.h>
configure:8479: result: gcc -E
configure:8499: gcc -E  conftest.c
configure:8499: $? = 0
configure:8513: gcc -E  conftest.c
conftest.c:11:28: fatal error: ac_nonexistent.h: No such file or directory
compilation terminated.
configure:8513: $? = 1
configure: failed program was:
| /* confdefs.h */
| #define PACKAGE_NAME "libunwind"
| #define PACKAGE_TARNAME "libunwind"
| #define PACKAGE_VERSION "1.0"
| #define PACKAGE_STRING "libunwind 1.0"
| #define PACKAGE_BUGREPORT "libunwind-devel@nongnu.org"
| #define PACKAGE_URL ""
| #define PACKAGE "libunwind"
| #define VERSION "1.0"
| /* end confdefs.h.  */
| #include <ac_nonexistent.h>
configure:8542: checking for ANSI C header files
configure:8562: gcc -c -DHAVE_SGX=1 -DUNW_LOCAL_ONLY -fno-builtin -fPIC -std=c99   conftest.c >&5
configure:8562: $? = 0
configure:8635: gcc -o conftest -DHAVE_SGX=1 -DUNW_LOCAL_ONLY -fno-builtin -fPIC -std=c99    conftest.c  >&5
configure:8635: $? = 0
configure:8635: ./conftest
configure:8635: $? = 0
configure:8646: result: yes
configure:8659: checking for sys/types.h
configure:8659: gcc -c -DHAVE_SGX=1 -DUNW_LOCAL_ONLY -fno-builtin -fPIC -std=c99   conftest.c >&5
configure:8659: $? = 0
configure:8659: result: yes
configure:8659: checking for sys/stat.h
configure:8659: gcc -c -DHAVE_SGX=1 -DUNW_LOCAL_ONLY -fno-builtin -fPIC -std=c99   conftest.c >&5
configure:8659: $? = 0
configure:8659: result: yes
configure:8659: checking for stdlib.h
configure:8659: gcc -c -DHAVE_SGX=1 -DUNW_LOCAL_ONLY -fno-builtin -fPIC -std=c99   conftest.c >&5
configure:8659: $? = 0
configure:8659: result: yes
configure:8659: checking for string.h
configure:8659: gcc -c -DHAVE_SGX=1 -DUNW_LOCAL_ONLY -fno-builtin -fPIC -std=c99   conftest.c >&5
configure:8659: $? = 0
configure:8659: result: yes
configure:8659: checking for memory.h
configure:8659: gcc -c -DHAVE_SGX=1 -DUNW_LOCAL_ONLY -fno-builtin -fPIC -std=c99   conftest.c >&5
configure:8659: $? = 0
configure:8659: result: yes
configure:8659: checking for strings.h
configure:8659: gcc -c -DHAVE_SGX=1 -DUNW_LOCAL_ONLY -fno-builtin -fPIC -std=c99   conftest.c >&5
configure:8659: $? = 0
configure:8659: result: yes
configure:8659: checking for inttypes.h
configure:8659: gcc -c -DHAVE_SGX=1 -DUNW_LOCAL_ONLY -fno-builtin -fPIC -std=c99   conftest.c >&5
configure:8659: $? = 0
configure:8659: result: yes
configure:8659: checking for stdint.h
configure:8659: gcc -c -DHAVE_SGX=1 -DUNW_LOCAL_ONLY -fno-builtin -fPIC -std=c99   conftest.c >&5
configure:8659: $? = 0
configure:8659: result: yes
configure:8659: checking for unistd.h
configure:8659: gcc -c -DHAVE_SGX=1 -DUNW_LOCAL_ONLY -fno-builtin -fPIC -std=c99   conftest.c >&5
configure:8659: $? = 0
configure:8659: result: yes
configure:8673: checking for dlfcn.h
configure:8673: gcc -c -DHAVE_SGX=1 -DUNW_LOCAL_ONLY -fno-builtin -fPIC -std=c99   conftest.c >&5
configure:8673: $? = 0
configure:8673: result: yes
configure:8940: checking for objdir
configure:8955: result: .libs
configure:9215: checking if gcc supports -fno-rtti -fno-exceptions
configure:9233: gcc -c -DHAVE_SGX=1 -DUNW_LOCAL_ONLY -fno-builtin -fPIC -std=c99   -fno-rtti -fno-exceptions conftest.c >&5
cc1: warning: command line option '-fno-rtti' is valid for C++/ObjC++ but not for C
configure:9237: $? = 0
configure:9250: result: no
configure:9608: checking for gcc option to produce PIC
configure:9615: result: -fPIC -DPIC
configure:9623: checking if gcc PIC flag -fPIC -DPIC works
configure:9641: gcc -c -DHAVE_SGX=1 -DUNW_LOCAL_ONLY -fno-builtin -fPIC -std=c99   -fPIC -DPIC -DPIC conftest.c >&5
configure:9645: $? = 0
configure:9658: result: yes
configure:9687: checking if gcc static flag -static works
configure:9715: result: yes
configure:9730: checking if gcc supports -c -o file.o
configure:9751: gcc -c -DHAVE_SGX=1 -DUNW_LOCAL_ONLY -fno-builtin -fPIC -std=c99   -o out/conftest2.o conftest.c >&5
configure:9755: $? = 0
configure:9777: result: yes
configure:9785: checking if gcc supports -c -o file.o
configure:9832: result: yes
configure:9865: checking whether the gcc linker (/usr/bin/ld -m elf_x86_64) supports shared libraries
configure:11128: result: yes
configure:11368: checking dynamic linker characteristics
configure:11949: gcc -o conftest -DHAVE_SGX=1 -DUNW_LOCAL_ONLY -fno-builtin -fPIC -std=c99    -Wl,-rpath -Wl,/foo conftest.c  >&5
configure:11949: $? = 0
configure:12198: result: GNU/Linux ld.so
configure:12320: checking how to hardcode library paths into programs
configure:12345: result: immediate
configure:12893: checking whether stripping libraries is possible
configure:12898: result: yes
configure:12933: checking if libtool supports shared libraries
configure:12935: result: yes
configure:12938: checking whether to build shared libraries
configure:12963: result: no
configure:12966: checking whether to build static libraries
configure:12970: result: yes
configure:12993: checking how to run the C++ preprocessor
configure:13020: g++ -E  conftest.cpp
configure:13020: $? = 0
configure:13034: g++ -E  conftest.cpp
conftest.cpp:23:28: fatal error: ac_nonexistent.h: No such file or directory
compilation terminated.
configure:13034: $? = 1
configure: failed program was:
| /* confdefs.h */
| #define PACKAGE_NAME "libunwind"
| #define PACKAGE_TARNAME "libunwind"
| #define PACKAGE_VERSION "1.0"
| #define PACKAGE_STRING "libunwind 1.0"
| #define PACKAGE_BUGREPORT "libunwind-devel@nongnu.org"
| #define PACKAGE_URL ""
| #define PACKAGE "libunwind"
| #define VERSION "1.0"
| #define STDC_HEADERS 1
| #define HAVE_SYS_TYPES_H 1
| #define HAVE_SYS_STAT_H 1
| #define HAVE_STDLIB_H 1
| #define HAVE_STRING_H 1
| #define HAVE_MEMORY_H 1
| #define HAVE_STRINGS_H 1
| #define HAVE_INTTYPES_H 1
| #define HAVE_STDINT_H 1
| #define HAVE_UNISTD_H 1
| #define HAVE_DLFCN_H 1
| #define LT_OBJDIR ".libs/"
| /* end confdefs.h.  */
| #include <ac_nonexistent.h>
configure:13059: result: g++ -E
configure:13079: g++ -E  conftest.cpp
configure:13079: $? = 0
configure:13093: g++ -E  conftest.cpp
conftest.cpp:23:28: fatal error: ac_nonexistent.h: No such file or directory
compilation terminated.
configure:13093: $? = 1
configure: failed program was:
| /* confdefs.h */
| #define PACKAGE_NAME "libunwind"
| #define PACKAGE_TARNAME "libunwind"
| #define PACKAGE_VERSION "1.0"
| #define PACKAGE_STRING "libunwind 1.0"
| #define PACKAGE_BUGREPORT "libunwind-devel@nongnu.org"
| #define PACKAGE_URL ""
| #define PACKAGE "libunwind"
| #define VERSION "1.0"
| #define STDC_HEADERS 1
| #define HAVE_SYS_TYPES_H 1
| #define HAVE_SYS_STAT_H 1
| #define HAVE_STDLIB_H 1
| #define HAVE_STRING_H 1
| #define HAVE_MEMORY_H 1
| #define HAVE_STRINGS_H 1
| #define HAVE_INTTYPES_H 1
| #define HAVE_STDINT_H 1
| #define HAVE_UNISTD_H 1
| #define HAVE_DLFCN_H 1
| #define LT_OBJDIR ".libs/"
| /* end confdefs.h.  */
| #include <ac_nonexistent.h>
configure:13255: checking for ld used by g++
configure:13322: result: /usr/bin/ld -m elf_x86_64
configure:13329: checking if the linker (/usr/bin/ld -m elf_x86_64) is GNU ld
configure:13344: result: yes
configure:13399: checking whether the g++ linker (/usr/bin/ld -m elf_x86_64) supports shared libraries
configure:14472: result: yes
configure:14508: g++ -c -g -O2  conftest.cpp >&5
configure:14511: $? = 0
configure:14992: checking for g++ option to produce PIC
configure:14999: result: -fPIC -DPIC
configure:15007: checking if g++ PIC flag -fPIC -DPIC works
configure:15025: g++ -c -g -O2  -fPIC -DPIC -DPIC conftest.cpp >&5
configure:15029: $? = 0
configure:15042: result: yes
configure:15065: checking if g++ static flag -static works
configure:15093: result: yes
configure:15105: checking if g++ supports -c -o file.o
configure:15126: g++ -c -g -O2  -o out/conftest2.o conftest.cpp >&5
configure:15130: $? = 0
configure:15152: result: yes
configure:15157: checking if g++ supports -c -o file.o
configure:15204: result: yes
configure:15234: checking whether the g++ linker (/usr/bin/ld -m elf_x86_64) supports shared libraries
configure:15277: result: yes
configure:15418: checking dynamic linker characteristics
configure:16175: result: GNU/Linux ld.so
configure:16240: checking how to hardcode library paths into programs
configure:16265: result: immediate
configure:16335: checking dependency style of gcc
configure:16444: result: gcc3
configure:16461: checking for __uc_get_grs in -luca
configure:16486: gcc -o conftest -DHAVE_SGX=1 -DUNW_LOCAL_ONLY -fno-builtin -fPIC -std=c99    conftest.c -luca   >&5
/usr/bin/ld: cannot find -luca
collect2: error: ld returned 1 exit status
configure:16486: $? = 1
configure: failed program was:
| /* confdefs.h */
| #define PACKAGE_NAME "libunwind"
| #define PACKAGE_TARNAME "libunwind"
| #define PACKAGE_VERSION "1.0"
| #define PACKAGE_STRING "libunwind 1.0"
| #define PACKAGE_BUGREPORT "libunwind-devel@nongnu.org"
| #define PACKAGE_URL ""
| #define PACKAGE "libunwind"
| #define VERSION "1.0"
| #define STDC_HEADERS 1
| #define HAVE_SYS_TYPES_H 1
| #define HAVE_SYS_STAT_H 1
| #define HAVE_STDLIB_H 1
| #define HAVE_STRING_H 1
| #define HAVE_MEMORY_H 1
| #define HAVE_STRINGS_H 1
| #define HAVE_INTTYPES_H 1
| #define HAVE_STDINT_H 1
| #define HAVE_UNISTD_H 1
| #define HAVE_DLFCN_H 1
| #define LT_OBJDIR ".libs/"
| /* end confdefs.h.  */
| 
| /* Override any GCC internal prototype to avoid an error.
|    Use char because int might match the return type of a GCC
|    builtin and then its argument prototype would still apply.  */
| #ifdef __cplusplus
| extern "C"
| #endif
| char __uc_get_grs ();
| int
| main ()
| {
| return __uc_get_grs ();
|   ;
|   return 0;
| }
configure:16495: result: no
configure:16507: checking for library containing dlopen
configure:16538: gcc -o conftest -DHAVE_SGX=1 -DUNW_LOCAL_ONLY -fno-builtin -fPIC -std=c99    conftest.c  >&5
/tmp/ccqEi9KO.o: In function `main':
conftest.c:(.text+0xa): undefined reference to `dlopen'
collect2: error: ld returned 1 exit status
configure:16538: $? = 1
configure: failed program was:
| /* confdefs.h */
| #define PACKAGE_NAME "libunwind"
| #define PACKAGE_TARNAME "libunwind"
| #define PACKAGE_VERSION "1.0"
| #define PACKAGE_STRING "libunwind 1.0"
| #define PACKAGE_BUGREPORT "libunwind-devel@nongnu.org"
| #define PACKAGE_URL ""
| #define PACKAGE "libunwind"
| #define VERSION "1.0"
| #define STDC_HEADERS 1
| #define HAVE_SYS_TYPES_H 1
| #define HAVE_SYS_STAT_H 1
| #define HAVE_STDLIB_H 1
| #define HAVE_STRING_H 1
| #define HAVE_MEMORY_H 1
| #define HAVE_STRINGS_H 1
| #define HAVE_INTTYPES_H 1
| #define HAVE_STDINT_H 1
| #define HAVE_UNISTD_H 1
| #define HAVE_DLFCN_H 1
| #define LT_OBJDIR ".libs/"
| /* end confdefs.h.  */
| 
| /* Override any GCC internal prototype to avoid an error.
|    Use char because int might match the return type of a GCC
|    builtin and then its argument prototype would still apply.  */
| #ifdef __cplusplus
| extern "C"
| #endif
| char dlopen ();
| int
| main ()
| {
| return dlopen ();
|   ;
|   return 0;
| }
configure:16538: gcc -o conftest -DHAVE_SGX=1 -DUNW_LOCAL_ONLY -fno-builtin -fPIC -std=c99    conftest.c -ldl   >&5
configure:16538: $? = 0
configure:16555: result: -ldl
configure:16571: checking atomic_ops.h usability
configure:16571: gcc -c -DHAVE_SGX=1 -DUNW_LOCAL_ONLY -fno-builtin -fPIC -std=c99   conftest.c >&5
conftest.c:56:24: fatal error: atomic_ops.h: No such file or directory
compilation terminated.
configure:16571: $? = 1
configure: failed program was:
| /* confdefs.h */
| #define PACKAGE_NAME "libunwind"
| #define PACKAGE_TARNAME "libunwind"
| #define PACKAGE_VERSION "1.0"
| #define PACKAGE_STRING "libunwind 1.0"
| #define PACKAGE_BUGREPORT "libunwind-devel@nongnu.org"
| #define PACKAGE_URL ""
| #define PACKAGE "libunwind"
| #define VERSION "1.0"
| #define STDC_HEADERS 1
| #define HAVE_SYS_TYPES_H 1
| #define HAVE_SYS_STAT_H 1
| #define HAVE_STDLIB_H 1
| #define HAVE_STRING_H 1
| #define HAVE_MEMORY_H 1
| #define HAVE_STRINGS_H 1
| #define HAVE_INTTYPES_H 1
| #define HAVE_STDINT_H 1
| #define HAVE_UNISTD_H 1
| #define HAVE_DLFCN_H 1
| #define LT_OBJDIR ".libs/"
| /* end confdefs.h.  */
| #include <stdio.h>
| #ifdef HAVE_SYS_TYPES_H
| # include <sys/types.h>
| #endif
| #ifdef HAVE_SYS_STAT_H
| # include <sys/stat.h>
| #endif
| #ifdef STDC_HEADERS
| # include <stdlib.h>
| # include <stddef.h>
| #else
| # ifdef HAVE_STDLIB_H
| #  include <stdlib.h>
| # endif
| #endif
| #ifdef HAVE_STRING_H
| # if !defined STDC_HEADERS && defined HAVE_MEMORY_H
| #  include <memory.h>
| # endif
| # include <string.h>
| #endif
| #ifdef HAVE_STRINGS_H
| # include <strings.h>
| #endif
| #ifdef HAVE_INTTYPES_H
| # include <inttypes.h>
| #endif
| #ifdef HAVE_STDINT_H
| # include <stdint.h>
| #endif
| #ifdef HAVE_UNISTD_H
| # include <unistd.h>
| #endif
| #include <atomic_ops.h>
configure:16571: result: no
configure:16571: checking atomic_ops.h presence
configure:16571: gcc -E  conftest.c
conftest.c:23:24: fatal error: atomic_ops.h: No such file or directory
compilation terminated.
configure:16571: $? = 1
configure: failed program was:
| /* confdefs.h */
| #define PACKAGE_NAME "libunwind"
| #define PACKAGE_TARNAME "libunwind"
| #define PACKAGE_VERSION "1.0"
| #define PACKAGE_STRING "libunwind 1.0"
| #define PACKAGE_BUGREPORT "libunwind-devel@nongnu.org"
| #define PACKAGE_URL ""
| #define PACKAGE "libunwind"
| #define VERSION "1.0"
| #define STDC_HEADERS 1
| #define HAVE_SYS_TYPES_H 1
| #define HAVE_SYS_STAT_H 1
| #define HAVE_STDLIB_H 1
| #define HAVE_STRING_H 1
| #define HAVE_MEMORY_H 1
| #define HAVE_STRINGS_H 1
| #define HAVE_INTTYPES_H 1
| #define HAVE_STDINT_H 1
| #define HAVE_UNISTD_H 1
| #define HAVE_DLFCN_H 1
| #define LT_OBJDIR ".libs/"
| /* end confdefs.h.  */
| #include <atomic_ops.h>
configure:16571: result: no
configure:16571: checking for atomic_ops.h
configure:16571: result: no
configure:16590: checking for ANSI C header files
configure:16694: result: yes
configure:16707: checking asm/ptrace_offsets.h usability
configure:16707: gcc -c -DHAVE_SGX=1 -DUNW_LOCAL_ONLY -fno-builtin -fPIC -std=c99   conftest.c >&5
conftest.c:57:32: fatal error: asm/ptrace_offsets.h: No such file or directory
compilation terminated.
configure:16707: $? = 1
configure: failed program was:
| /* confdefs.h */
| #define PACKAGE_NAME "libunwind"
| #define PACKAGE_TARNAME "libunwind"
| #define PACKAGE_VERSION "1.0"
| #define PACKAGE_STRING "libunwind 1.0"
| #define PACKAGE_BUGREPORT "libunwind-devel@nongnu.org"
| #define PACKAGE_URL ""
| #define PACKAGE "libunwind"
| #define VERSION "1.0"
| #define STDC_HEADERS 1
| #define HAVE_SYS_TYPES_H 1
| #define HAVE_SYS_STAT_H 1
| #define HAVE_STDLIB_H 1
| #define HAVE_STRING_H 1
| #define HAVE_MEMORY_H 1
| #define HAVE_STRINGS_H 1
| #define HAVE_INTTYPES_H 1
| #define HAVE_STDINT_H 1
| #define HAVE_UNISTD_H 1
| #define HAVE_DLFCN_H 1
| #define LT_OBJDIR ".libs/"
| #define STDC_HEADERS 1
| /* end confdefs.h.  */
| #include <stdio.h>
| #ifdef HAVE_SYS_TYPES_H
| # include <sys/types.h>
| #endif
| #ifdef HAVE_SYS_STAT_H
| # include <sys/stat.h>
| #endif
| #ifdef STDC_HEADERS
| # include <stdlib.h>
| # include <stddef.h>
| #else
| # ifdef HAVE_STDLIB_H
| #  include <stdlib.h>
| # endif
| #endif
| #ifdef HAVE_STRING_H
| # if !defined STDC_HEADERS && defined HAVE_MEMORY_H
| #  include <memory.h>
| # endif
| # include <string.h>
| #endif
| #ifdef HAVE_STRINGS_H
| # include <strings.h>
| #endif
| #ifdef HAVE_INTTYPES_H
| # include <inttypes.h>
| #endif
| #ifdef HAVE_STDINT_H
| # include <stdint.h>
| #endif
| #ifdef HAVE_UNISTD_H
| # include <unistd.h>
| #endif
| #include <asm/ptrace_offsets.h>
configure:16707: result: no
configure:16707: checking asm/ptrace_offsets.h presence
configure:16707: gcc -E  conftest.c
conftest.c:24:32: fatal error: asm/ptrace_offsets.h: No such file or directory
compilation terminated.
configure:16707: $? = 1
configure: failed program was:
| /* confdefs.h */
| #define PACKAGE_NAME "libunwind"
| #define PACKAGE_TARNAME "libunwind"
| #define PACKAGE_VERSION "1.0"
| #define PACKAGE_STRING "libunwind 1.0"
| #define PACKAGE_BUGREPORT "libunwind-devel@nongnu.org"
| #define PACKAGE_URL ""
| #define PACKAGE "libunwind"
| #define VERSION "1.0"
| #define STDC_HEADERS 1
| #define HAVE_SYS_TYPES_H 1
| #define HAVE_SYS_STAT_H 1
| #define HAVE_STDLIB_H 1
| #define HAVE_STRING_H 1
| #define HAVE_MEMORY_H 1
| #define HAVE_STRINGS_H 1
| #define HAVE_INTTYPES_H 1
| #define HAVE_STDINT_H 1
| #define HAVE_UNISTD_H 1
| #define HAVE_DLFCN_H 1
| #define LT_OBJDIR ".libs/"
| #define STDC_HEADERS 1
| /* end confdefs.h.  */
| #include <asm/ptrace_offsets.h>
configure:16707: result: no
configure:16707: checking for asm/ptrace_offsets.h
configure:16707: result: no
configure:16707: checking endian.h usability
configure:16707: gcc -c -DHAVE_SGX=1 -DUNW_LOCAL_ONLY -fno-builtin -fPIC -std=c99   conftest.c >&5
configure:16707: $? = 0
configure:16707: result: yes
configure:16707: checking endian.h presence
configure:16707: gcc -E  conftest.c
configure:16707: $? = 0
configure:16707: result: yes
configure:16707: checking for endian.h
configure:16707: result: yes
configure:16707: checking sys/endian.h usability
configure:16707: gcc -c -DHAVE_SGX=1 -DUNW_LOCAL_ONLY -fno-builtin -fPIC -std=c99   conftest.c >&5
conftest.c:58:24: fatal error: sys/endian.h: No such file or directory
compilation terminated.
configure:16707: $? = 1
configure: failed program was:
| /* confdefs.h */
| #define PACKAGE_NAME "libunwind"
| #define PACKAGE_TARNAME "libunwind"
| #define PACKAGE_VERSION "1.0"
| #define PACKAGE_STRING "libunwind 1.0"
| #define PACKAGE_BUGREPORT "libunwind-devel@nongnu.org"
| #define PACKAGE_URL ""
| #define PACKAGE "libunwind"
| #define VERSION "1.0"
| #define STDC_HEADERS 1
| #define HAVE_SYS_TYPES_H 1
| #define HAVE_SYS_STAT_H 1
| #define HAVE_STDLIB_H 1
| #define HAVE_STRING_H 1
| #define HAVE_MEMORY_H 1
| #define HAVE_STRINGS_H 1
| #define HAVE_INTTYPES_H 1
| #define HAVE_STDINT_H 1
| #define HAVE_UNISTD_H 1
| #define HAVE_DLFCN_H 1
| #define LT_OBJDIR ".libs/"
| #define STDC_HEADERS 1
| #define HAVE_ENDIAN_H 1
| /* end confdefs.h.  */
| #include <stdio.h>
| #ifdef HAVE_SYS_TYPES_H
| # include <sys/types.h>
| #endif
| #ifdef HAVE_SYS_STAT_H
| # include <sys/stat.h>
| #endif
| #ifdef STDC_HEADERS
| # include <stdlib.h>
| # include <stddef.h>
| #else
| # ifdef HAVE_STDLIB_H
| #  include <stdlib.h>
| # endif
| #endif
| #ifdef HAVE_STRING_H
| # if !defined STDC_HEADERS && defined HAVE_MEMORY_H
| #  include <memory.h>
| # endif
| # include <string.h>
| #endif
| #ifdef HAVE_STRINGS_H
| # include <strings.h>
| #endif
| #ifdef HAVE_INTTYPES_H
| # include <inttypes.h>
| #endif
| #ifdef HAVE_STDINT_H
| # include <stdint.h>
| #endif
| #ifdef HAVE_UNISTD_H
| # include <unistd.h>
| #endif
| #include <sys/endian.h>
configure:16707: result: no
configure:16707: checking sys/endian.h presence
configure:16707: gcc -E  conftest.c
conftest.c:25:24: fatal error: sys/endian.h: No such file or directory
compilation terminated.
configure:16707: $? = 1
configure: failed program was:
| /* confdefs.h */
| #define PACKAGE_NAME "libunwind"
| #define PACKAGE_TARNAME "libunwind"
| #define PACKAGE_VERSION "1.0"
| #define PACKAGE_STRING "libunwind 1.0"
| #define PACKAGE_BUGREPORT "libunwind-devel@nongnu.org"
| #define PACKAGE_URL ""
| #define PACKAGE "libunwind"
| #define VERSION "1.0"
| #define STDC_HEADERS 1
| #define HAVE_SYS_TYPES_H 1
| #define HAVE_SYS_STAT_H 1
| #define HAVE_STDLIB_H 1
| #define HAVE_STRING_H 1
| #define HAVE_MEMORY_H 1
| #define HAVE_STRINGS_H 1
| #define HAVE_INTTYPES_H 1
| #define HAVE_STDINT_H 1
| #define HAVE_UNISTD_H 1
| #define HAVE_DLFCN_H 1
| #define LT_OBJDIR ".libs/"
| #define STDC_HEADERS 1
| #define HAVE_ENDIAN_H 1
| /* end confdefs.h.  */
| #include <sys/endian.h>
configure:16707: result: no
configure:16707: checking for sys/endian.h
configure:16707: result: no
configure:16707: checking execinfo.h usability
configure:16707: gcc -c -DHAVE_SGX=1 -DUNW_LOCAL_ONLY -fno-builtin -fPIC -std=c99   conftest.c >&5
configure:16707: $? = 0
configure:16707: result: yes
configure:16707: checking execinfo.h presence
configure:16707: gcc -E  conftest.c
configure:16707: $? = 0
configure:16707: result: yes
configure:16707: checking for execinfo.h
configure:16707: result: yes
configure:16707: checking ia64intrin.h usability
configure:16707: gcc -c -DHAVE_SGX=1 -DUNW_LOCAL_ONLY -fno-builtin -fPIC -std=c99   conftest.c >&5
conftest.c:59:24: fatal error: ia64intrin.h: No such file or directory
compilation terminated.
configure:16707: $? = 1
configure: failed program was:
| /* confdefs.h */
| #define PACKAGE_NAME "libunwind"
| #define PACKAGE_TARNAME "libunwind"
| #define PACKAGE_VERSION "1.0"
| #define PACKAGE_STRING "libunwind 1.0"
| #define PACKAGE_BUGREPORT "libunwind-devel@nongnu.org"
| #define PACKAGE_URL ""
| #define PACKAGE "libunwind"
| #define VERSION "1.0"
| #define STDC_HEADERS 1
| #define HAVE_SYS_TYPES_H 1
| #define HAVE_SYS_STAT_H 1
| #define HAVE_STDLIB_H 1
| #define HAVE_STRING_H 1
| #define HAVE_MEMORY_H 1
| #define HAVE_STRINGS_H 1
| #define HAVE_INTTYPES_H 1
| #define HAVE_STDINT_H 1
| #define HAVE_UNISTD_H 1
| #define HAVE_DLFCN_H 1
| #define LT_OBJDIR ".libs/"
| #define STDC_HEADERS 1
| #define HAVE_ENDIAN_H 1
| #define HAVE_EXECINFO_H 1
| /* end confdefs.h.  */
| #include <stdio.h>
| #ifdef HAVE_SYS_TYPES_H
| # include <sys/types.h>
| #endif
| #ifdef HAVE_SYS_STAT_H
| # include <sys/stat.h>
| #endif
| #ifdef STDC_HEADERS
| # include <stdlib.h>
| # include <stddef.h>
| #else
| # ifdef HAVE_STDLIB_H
| #  include <stdlib.h>
| # endif
| #endif
| #ifdef HAVE_STRING_H
| # if !defined STDC_HEADERS && defined HAVE_MEMORY_H
| #  include <memory.h>
| # endif
| # include <string.h>
| #endif
| #ifdef HAVE_STRINGS_H
| # include <strings.h>
| #endif
| #ifdef HAVE_INTTYPES_H
| # include <inttypes.h>
| #endif
| #ifdef HAVE_STDINT_H
| # include <stdint.h>
| #endif
| #ifdef HAVE_UNISTD_H
| # include <unistd.h>
| #endif
| #include <ia64intrin.h>
configure:16707: result: no
configure:16707: checking ia64intrin.h presence
configure:16707: gcc -E  conftest.c
conftest.c:26:24: fatal error: ia64intrin.h: No such file or directory
compilation terminated.
configure:16707: $? = 1
configure: failed program was:
| /* confdefs.h */
| #define PACKAGE_NAME "libunwind"
| #define PACKAGE_TARNAME "libunwind"
| #define PACKAGE_VERSION "1.0"
| #define PACKAGE_STRING "libunwind 1.0"
| #define PACKAGE_BUGREPORT "libunwind-devel@nongnu.org"
| #define PACKAGE_URL ""
| #define PACKAGE "libunwind"
| #define VERSION "1.0"
| #define STDC_HEADERS 1
| #define HAVE_SYS_TYPES_H 1
| #define HAVE_SYS_STAT_H 1
| #define HAVE_STDLIB_H 1
| #define HAVE_STRING_H 1
| #define HAVE_MEMORY_H 1
| #define HAVE_STRINGS_H 1
| #define HAVE_INTTYPES_H 1
| #define HAVE_STDINT_H 1
| #define HAVE_UNISTD_H 1
| #define HAVE_DLFCN_H 1
| #define LT_OBJDIR ".libs/"
| #define STDC_HEADERS 1
| #define HAVE_ENDIAN_H 1
| #define HAVE_EXECINFO_H 1
| /* end confdefs.h.  */
| #include <ia64intrin.h>
configure:16707: result: no
configure:16707: checking for ia64intrin.h
configure:16707: result: no
configure:16707: checking sys/uc_access.h usability
configure:16707: gcc -c -DHAVE_SGX=1 -DUNW_LOCAL_ONLY -fno-builtin -fPIC -std=c99   conftest.c >&5
conftest.c:59:27: fatal error: sys/uc_access.h: No such file or directory
compilation terminated.
configure:16707: $? = 1
configure: failed program was:
| /* confdefs.h */
| #define PACKAGE_NAME "libunwind"
| #define PACKAGE_TARNAME "libunwind"
| #define PACKAGE_VERSION "1.0"
| #define PACKAGE_STRING "libunwind 1.0"
| #define PACKAGE_BUGREPORT "libunwind-devel@nongnu.org"
| #define PACKAGE_URL ""
| #define PACKAGE "libunwind"
| #define VERSION "1.0"
| #define STDC_HEADERS 1
| #define HAVE_SYS_TYPES_H 1
| #define HAVE_SYS_STAT_H 1
| #define HAVE_STDLIB_H 1
| #define HAVE_STRING_H 1
| #define HAVE_MEMORY_H 1
| #define HAVE_STRINGS_H 1
| #define HAVE_INTTYPES_H 1
| #define HAVE_STDINT_H 1
| #define HAVE_UNISTD_H 1
| #define HAVE_DLFCN_H 1
| #define LT_OBJDIR ".libs/"
| #define STDC_HEADERS 1
| #define HAVE_ENDIAN_H 1
| #define HAVE_EXECINFO_H 1
| /* end confdefs.h.  */
| #include <stdio.h>
| #ifdef HAVE_SYS_TYPES_H
| # include <sys/types.h>
| #endif
| #ifdef HAVE_SYS_STAT_H
| # include <sys/stat.h>
| #endif
| #ifdef STDC_HEADERS
| # include <stdlib.h>
| # include <stddef.h>
| #else
| # ifdef HAVE_STDLIB_H
| #  include <stdlib.h>
| # endif
| #endif
| #ifdef HAVE_STRING_H
| # if !defined STDC_HEADERS && defined HAVE_MEMORY_H
| #  include <memory.h>
| # endif
| # include <string.h>
| #endif
| #ifdef HAVE_STRINGS_H
| # include <strings.h>
| #endif
| #ifdef HAVE_INTTYPES_H
| # include <inttypes.h>
| #endif
| #ifdef HAVE_STDINT_H
| # include <stdint.h>
| #endif
| #ifdef HAVE_UNISTD_H
| # include <unistd.h>
| #endif
| #include <sys/uc_access.h>
configure:16707: result: no
configure:16707: checking sys/uc_access.h presence
configure:16707: gcc -E  conftest.c
conftest.c:26:27: fatal error: sys/uc_access.h: No such file or directory
compilation terminated.
configure:16707: $? = 1
configure: failed program was:
| /* confdefs.h */
| #define PACKAGE_NAME "libunwind"
| #define PACKAGE_TARNAME "libunwind"
| #define PACKAGE_VERSION "1.0"
| #define PACKAGE_STRING "libunwind 1.0"
| #define PACKAGE_BUGREPORT "libunwind-devel@nongnu.org"
| #define PACKAGE_URL ""
| #define PACKAGE "libunwind"
| #define VERSION "1.0"
| #define STDC_HEADERS 1
| #define HAVE_SYS_TYPES_H 1
| #define HAVE_SYS_STAT_H 1
| #define HAVE_STDLIB_H 1
| #define HAVE_STRING_H 1
| #define HAVE_MEMORY_H 1
| #define HAVE_STRINGS_H 1
| #define HAVE_INTTYPES_H 1
| #define HAVE_STDINT_H 1
| #define HAVE_UNISTD_H 1
| #define HAVE_DLFCN_H 1
| #define LT_OBJDIR ".libs/"
| #define STDC_HEADERS 1
| #define HAVE_ENDIAN_H 1
| #define HAVE_EXECINFO_H 1
| /* end confdefs.h.  */
| #include <sys/uc_access.h>
configure:16707: result: no
configure:16707: checking for sys/uc_access.h
configure:16707: result: no
configure:16707: checking for unistd.h
configure:16707: result: yes
configure:16707: checking signal.h usability
configure:16707: gcc -c -DHAVE_SGX=1 -DUNW_LOCAL_ONLY -fno-builtin -fPIC -std=c99   conftest.c >&5
configure:16707: $? = 0
configure:16707: result: yes
configure:16707: checking signal.h presence
configure:16707: gcc -E  conftest.c
configure:16707: $? = 0
configure:16707: result: yes
configure:16707: checking for signal.h
configure:16707: result: yes
configure:16707: checking for sys/types.h
configure:16707: result: yes
configure:16707: checking sys/procfs.h usability
configure:16707: gcc -c -DHAVE_SGX=1 -DUNW_LOCAL_ONLY -fno-builtin -fPIC -std=c99   conftest.c >&5
configure:16707: $? = 0
configure:16707: result: yes
configure:16707: checking sys/procfs.h presence
configure:16707: gcc -E  conftest.c
configure:16707: $? = 0
configure:16707: result: yes
configure:16707: checking for sys/procfs.h
configure:16707: result: yes
configure:16707: checking sys/ptrace.h usability
configure:16707: gcc -c -DHAVE_SGX=1 -DUNW_LOCAL_ONLY -fno-builtin -fPIC -std=c99   conftest.c >&5
configure:16707: $? = 0
configure:16707: result: yes
configure:16707: checking sys/ptrace.h presence
configure:16707: gcc -E  conftest.c
configure:16707: $? = 0
configure:16707: result: yes
configure:16707: checking for sys/ptrace.h
configure:16707: result: yes
configure:16707: checking byteswap.h usability
configure:16707: gcc -c -DHAVE_SGX=1 -DUNW_LOCAL_ONLY -fno-builtin -fPIC -std=c99   conftest.c >&5
configure:16707: $? = 0
configure:16707: result: yes
configure:16707: checking byteswap.h presence
configure:16707: gcc -E  conftest.c
configure:16707: $? = 0
configure:16707: result: yes
configure:16707: checking for byteswap.h
configure:16707: result: yes
configure:16718: checking for an ANSI C-conforming const
configure:16784: gcc -c -DHAVE_SGX=1 -DUNW_LOCAL_ONLY -fno-builtin -fPIC -std=c99   conftest.c >&5
configure:16784: $? = 0
configure:16791: result: yes
configure:16799: checking for inline
configure:16815: gcc -c -DHAVE_SGX=1 -DUNW_LOCAL_ONLY -fno-builtin -fPIC -std=c99   conftest.c >&5
configure:16815: $? = 0
configure:16823: result: inline
configure:16841: checking return type of signal handlers
configure:16859: gcc -c -DHAVE_SGX=1 -DUNW_LOCAL_ONLY -fno-builtin -fPIC -std=c99   conftest.c >&5
conftest.c: In function 'main':
conftest.c:38:9: error: void value not ignored as it ought to be
 return *(signal (0, 0)) (0) == 1;
         ^
configure:16859: $? = 1
configure: failed program was:
| /* confdefs.h */
| #define PACKAGE_NAME "libunwind"
| #define PACKAGE_TARNAME "libunwind"
| #define PACKAGE_VERSION "1.0"
| #define PACKAGE_STRING "libunwind 1.0"
| #define PACKAGE_BUGREPORT "libunwind-devel@nongnu.org"
| #define PACKAGE_URL ""
| #define PACKAGE "libunwind"
| #define VERSION "1.0"
| #define STDC_HEADERS 1
| #define HAVE_SYS_TYPES_H 1
| #define HAVE_SYS_STAT_H 1
| #define HAVE_STDLIB_H 1
| #define HAVE_STRING_H 1
| #define HAVE_MEMORY_H 1
| #define HAVE_STRINGS_H 1
| #define HAVE_INTTYPES_H 1
| #define HAVE_STDINT_H 1
| #define HAVE_UNISTD_H 1
| #define HAVE_DLFCN_H 1
| #define LT_OBJDIR ".libs/"
| #define STDC_HEADERS 1
| #define HAVE_ENDIAN_H 1
| #define HAVE_EXECINFO_H 1
| #define HAVE_UNISTD_H 1
| #define HAVE_SIGNAL_H 1
| #define HAVE_SYS_TYPES_H 1
| #define HAVE_SYS_PROCFS_H 1
| #define HAVE_SYS_PTRACE_H 1
| #define HAVE_BYTESWAP_H 1
| /* end confdefs.h.  */
| #include <sys/types.h>
| #include <signal.h>
| 
| int
| main ()
| {
| return *(signal (0, 0)) (0) == 1;
|   ;
|   return 0;
| }
configure:16866: result: void
configure:16874: checking for size_t
configure:16874: gcc -c -DHAVE_SGX=1 -DUNW_LOCAL_ONLY -fno-builtin -fPIC -std=c99   conftest.c >&5
configure:16874: $? = 0
configure:16874: gcc -c -DHAVE_SGX=1 -DUNW_LOCAL_ONLY -fno-builtin -fPIC -std=c99   conftest.c >&5
conftest.c: In function 'main':
conftest.c:69:21: error: expected expression before ')' token
 if (sizeof ((size_t)))
                     ^
configure:16874: $? = 1
configure: failed program was:
| /* confdefs.h */
| #define PACKAGE_NAME "libunwind"
| #define PACKAGE_TARNAME "libunwind"
| #define PACKAGE_VERSION "1.0"
| #define PACKAGE_STRING "libunwind 1.0"
| #define PACKAGE_BUGREPORT "libunwind-devel@nongnu.org"
| #define PACKAGE_URL ""
| #define PACKAGE "libunwind"
| #define VERSION "1.0"
| #define STDC_HEADERS 1
| #define HAVE_SYS_TYPES_H 1
| #define HAVE_SYS_STAT_H 1
| #define HAVE_STDLIB_H 1
| #define HAVE_STRING_H 1
| #define HAVE_MEMORY_H 1
| #define HAVE_STRINGS_H 1
| #define HAVE_INTTYPES_H 1
| #define HAVE_STDINT_H 1
| #define HAVE_UNISTD_H 1
| #define HAVE_DLFCN_H 1
| #define LT_OBJDIR ".libs/"
| #define STDC_HEADERS 1
| #define HAVE_ENDIAN_H 1
| #define HAVE_EXECINFO_H 1
| #define HAVE_UNISTD_H 1
| #define HAVE_SIGNAL_H 1
| #define HAVE_SYS_TYPES_H 1
| #define HAVE_SYS_PROCFS_H 1
| #define HAVE_SYS_PTRACE_H 1
| #define HAVE_BYTESWAP_H 1
| #define RETSIGTYPE void
| /* end confdefs.h.  */
| #include <stdio.h>
| #ifdef HAVE_SYS_TYPES_H
| # include <sys/types.h>
| #endif
| #ifdef HAVE_SYS_STAT_H
| # include <sys/stat.h>
| #endif
| #ifdef STDC_HEADERS
| # include <stdlib.h>
| # include <stddef.h>
| #else
| # ifdef HAVE_STDLIB_H
| #  include <stdlib.h>
| # endif
| #endif
| #ifdef HAVE_STRING_H
| # if !defined STDC_HEADERS && defined HAVE_MEMORY_H
| #  include <memory.h>
| # endif
| # include <string.h>
| #endif
| #ifdef HAVE_STRINGS_H
| # include <strings.h>
| #endif
| #ifdef HAVE_INTTYPES_H
| # include <inttypes.h>
| #endif
| #ifdef HAVE_STDINT_H
| # include <stdint.h>
| #endif
| #ifdef HAVE_UNISTD_H
| # include <unistd.h>
| #endif
| int
| main ()
| {
| if (sizeof ((size_t)))
| 	    return 0;
|   ;
|   return 0;
| }
configure:16874: result: yes
configure:16889: checking size of off_t
configure:16894: gcc -o conftest -DHAVE_SGX=1 -DUNW_LOCAL_ONLY -fno-builtin -fPIC -std=c99    conftest.c  >&5
configure:16894: $? = 0
configure:16894: ./conftest
configure:16894: $? = 0
configure:16908: result: 8
configure:16921: checking for struct dl_phdr_info.dlpi_subs
configure:16921: gcc -c -DHAVE_SGX=1 -DUNW_LOCAL_ONLY -fno-builtin -fPIC -std=c99   -D_GNU_SOURCE conftest.c >&5
configure:16921: $? = 0
configure:16921: result: yes
configure:16932: checking for sighandler_t
configure:16932: gcc -c -DHAVE_SGX=1 -DUNW_LOCAL_ONLY -fno-builtin -fPIC -std=c99   -D_GNU_SOURCE conftest.c >&5
configure:16932: $? = 0
configure:16932: gcc -c -DHAVE_SGX=1 -DUNW_LOCAL_ONLY -fno-builtin -fPIC -std=c99   -D_GNU_SOURCE conftest.c >&5
conftest.c: In function 'main':
conftest.c:76:27: error: expected expression before ')' token
 if (sizeof ((sighandler_t)))
                           ^
configure:16932: $? = 1
configure: failed program was:
| /* confdefs.h */
| #define PACKAGE_NAME "libunwind"
| #define PACKAGE_TARNAME "libunwind"
| #define PACKAGE_VERSION "1.0"
| #define PACKAGE_STRING "libunwind 1.0"
| #define PACKAGE_BUGREPORT "libunwind-devel@nongnu.org"
| #define PACKAGE_URL ""
| #define PACKAGE "libunwind"
| #define VERSION "1.0"
| #define STDC_HEADERS 1
| #define HAVE_SYS_TYPES_H 1
| #define HAVE_SYS_STAT_H 1
| #define HAVE_STDLIB_H 1
| #define HAVE_STRING_H 1
| #define HAVE_MEMORY_H 1
| #define HAVE_STRINGS_H 1
| #define HAVE_INTTYPES_H 1
| #define HAVE_STDINT_H 1
| #define HAVE_UNISTD_H 1
| #define HAVE_DLFCN_H 1
| #define LT_OBJDIR ".libs/"
| #define STDC_HEADERS 1
| #define HAVE_ENDIAN_H 1
| #define HAVE_EXECINFO_H 1
| #define HAVE_UNISTD_H 1
| #define HAVE_SIGNAL_H 1
| #define HAVE_SYS_TYPES_H 1
| #define HAVE_SYS_PROCFS_H 1
| #define HAVE_SYS_PTRACE_H 1
| #define HAVE_BYTESWAP_H 1
| #define RETSIGTYPE void
| #define SIZEOF_OFF_T 8
| #define HAVE_STRUCT_DL_PHDR_INFO_DLPI_SUBS 1
| /* end confdefs.h.  */
| #include <stdio.h>
| #ifdef HAVE_SYS_TYPES_H
| # include <sys/types.h>
| #endif
| #ifdef HAVE_SYS_STAT_H
| # include <sys/stat.h>
| #endif
| #ifdef STDC_HEADERS
| # include <stdlib.h>
| # include <stddef.h>
| #else
| # ifdef HAVE_STDLIB_H
| #  include <stdlib.h>
| # endif
| #endif
| #ifdef HAVE_STRING_H
| # if !defined STDC_HEADERS && defined HAVE_MEMORY_H
| #  include <memory.h>
| # endif
| # include <string.h>
| #endif
| #ifdef HAVE_STRINGS_H
| # include <strings.h>
| #endif
| #ifdef HAVE_INTTYPES_H
| # include <inttypes.h>
| #endif
| #ifdef HAVE_STDINT_H
| # include <stdint.h>
| #endif
| #ifdef HAVE_UNISTD_H
| # include <unistd.h>
| #endif
| #if HAVE_SIGNAL_H
| # include <signal.h>
| #endif
| 
| 
| int
| main ()
| {
| if (sizeof ((sighandler_t)))
| 	    return 0;
|   ;
|   return 0;
| }
configure:16932: result: yes
configure:16947: checking for struct elf_prstatus
configure:16947: gcc -c -DHAVE_SGX=1 -DUNW_LOCAL_ONLY -fno-builtin -fPIC -std=c99   -D_GNU_SOURCE conftest.c >&5
configure:16947: $? = 0
configure:16947: gcc -c -DHAVE_SGX=1 -DUNW_LOCAL_ONLY -fno-builtin -fPIC -std=c99   -D_GNU_SOURCE conftest.c >&5
conftest.c: In function 'main':
conftest.c:77:34: error: expected expression before ')' token
 if (sizeof ((struct elf_prstatus)))
                                  ^
configure:16947: $? = 1
configure: failed program was:
| /* confdefs.h */
| #define PACKAGE_NAME "libunwind"
| #define PACKAGE_TARNAME "libunwind"
| #define PACKAGE_VERSION "1.0"
| #define PACKAGE_STRING "libunwind 1.0"
| #define PACKAGE_BUGREPORT "libunwind-devel@nongnu.org"
| #define PACKAGE_URL ""
| #define PACKAGE "libunwind"
| #define VERSION "1.0"
| #define STDC_HEADERS 1
| #define HAVE_SYS_TYPES_H 1
| #define HAVE_SYS_STAT_H 1
| #define HAVE_STDLIB_H 1
| #define HAVE_STRING_H 1
| #define HAVE_MEMORY_H 1
| #define HAVE_STRINGS_H 1
| #define HAVE_INTTYPES_H 1
| #define HAVE_STDINT_H 1
| #define HAVE_UNISTD_H 1
| #define HAVE_DLFCN_H 1
| #define LT_OBJDIR ".libs/"
| #define STDC_HEADERS 1
| #define HAVE_ENDIAN_H 1
| #define HAVE_EXECINFO_H 1
| #define HAVE_UNISTD_H 1
| #define HAVE_SIGNAL_H 1
| #define HAVE_SYS_TYPES_H 1
| #define HAVE_SYS_PROCFS_H 1
| #define HAVE_SYS_PTRACE_H 1
| #define HAVE_BYTESWAP_H 1
| #define RETSIGTYPE void
| #define SIZEOF_OFF_T 8
| #define HAVE_STRUCT_DL_PHDR_INFO_DLPI_SUBS 1
| #define HAVE_SIGHANDLER_T 1
| /* end confdefs.h.  */
| #include <stdio.h>
| #ifdef HAVE_SYS_TYPES_H
| # include <sys/types.h>
| #endif
| #ifdef HAVE_SYS_STAT_H
| # include <sys/stat.h>
| #endif
| #ifdef STDC_HEADERS
| # include <stdlib.h>
| # include <stddef.h>
| #else
| # ifdef HAVE_STDLIB_H
| #  include <stdlib.h>
| # endif
| #endif
| #ifdef HAVE_STRING_H
| # if !defined STDC_HEADERS && defined HAVE_MEMORY_H
| #  include <memory.h>
| # endif
| # include <string.h>
| #endif
| #ifdef HAVE_STRINGS_H
| # include <strings.h>
| #endif
| #ifdef HAVE_INTTYPES_H
| # include <inttypes.h>
| #endif
| #ifdef HAVE_STDINT_H
| # include <stdint.h>
| #endif
| #ifdef HAVE_UNISTD_H
| # include <unistd.h>
| #endif
| #if HAVE_SYS_PROCFS_H
| # include <sys/procfs.h>
| #endif
| 
| 
| int
| main ()
| {
| if (sizeof ((struct elf_prstatus)))
| 	    return 0;
|   ;
|   return 0;
| }
configure:16947: result: yes
configure:16961: checking for struct prstatus
configure:16961: gcc -c -DHAVE_SGX=1 -DUNW_LOCAL_ONLY -fno-builtin -fPIC -std=c99   -D_GNU_SOURCE conftest.c >&5
conftest.c: In function 'main':
conftest.c:78:13: error: invalid application of 'sizeof' to incomplete type 'struct prstatus'
 if (sizeof (struct prstatus))
             ^
configure:16961: $? = 1
configure: failed program was:
| /* confdefs.h */
| #define PACKAGE_NAME "libunwind"
| #define PACKAGE_TARNAME "libunwind"
| #define PACKAGE_VERSION "1.0"
| #define PACKAGE_STRING "libunwind 1.0"
| #define PACKAGE_BUGREPORT "libunwind-devel@nongnu.org"
| #define PACKAGE_URL ""
| #define PACKAGE "libunwind"
| #define VERSION "1.0"
| #define STDC_HEADERS 1
| #define HAVE_SYS_TYPES_H 1
| #define HAVE_SYS_STAT_H 1
| #define HAVE_STDLIB_H 1
| #define HAVE_STRING_H 1
| #define HAVE_MEMORY_H 1
| #define HAVE_STRINGS_H 1
| #define HAVE_INTTYPES_H 1
| #define HAVE_STDINT_H 1
| #define HAVE_UNISTD_H 1
| #define HAVE_DLFCN_H 1
| #define LT_OBJDIR ".libs/"
| #define STDC_HEADERS 1
| #define HAVE_ENDIAN_H 1
| #define HAVE_EXECINFO_H 1
| #define HAVE_UNISTD_H 1
| #define HAVE_SIGNAL_H 1
| #define HAVE_SYS_TYPES_H 1
| #define HAVE_SYS_PROCFS_H 1
| #define HAVE_SYS_PTRACE_H 1
| #define HAVE_BYTESWAP_H 1
| #define RETSIGTYPE void
| #define SIZEOF_OFF_T 8
| #define HAVE_STRUCT_DL_PHDR_INFO_DLPI_SUBS 1
| #define HAVE_SIGHANDLER_T 1
| #define HAVE_STRUCT_ELF_PRSTATUS 1
| /* end confdefs.h.  */
| #include <stdio.h>
| #ifdef HAVE_SYS_TYPES_H
| # include <sys/types.h>
| #endif
| #ifdef HAVE_SYS_STAT_H
| # include <sys/stat.h>
| #endif
| #ifdef STDC_HEADERS
| # include <stdlib.h>
| # include <stddef.h>
| #else
| # ifdef HAVE_STDLIB_H
| #  include <stdlib.h>
| # endif
| #endif
| #ifdef HAVE_STRING_H
| # if !defined STDC_HEADERS && defined HAVE_MEMORY_H
| #  include <memory.h>
| # endif
| # include <string.h>
| #endif
| #ifdef HAVE_STRINGS_H
| # include <strings.h>
| #endif
| #ifdef HAVE_INTTYPES_H
| # include <inttypes.h>
| #endif
| #ifdef HAVE_STDINT_H
| # include <stdint.h>
| #endif
| #ifdef HAVE_UNISTD_H
| # include <unistd.h>
| #endif
| #if HAVE_SYS_PROCFS_H
| # include <sys/procfs.h>
| #endif
| 
| 
| int
| main ()
| {
| if (sizeof (struct prstatus))
| 	 return 0;
|   ;
|   return 0;
| }
configure:16961: result: no
configure:16977: checking whether PTRACE_POKEUSER is declared
configure:16977: gcc -c -DHAVE_SGX=1 -DUNW_LOCAL_ONLY -fno-builtin -fPIC -std=c99   -D_GNU_SOURCE conftest.c >&5
configure:16977: $? = 0
configure:16977: result: yes
configure:16993: checking whether PTRACE_POKEDATA is declared
configure:16993: gcc -c -DHAVE_SGX=1 -DUNW_LOCAL_ONLY -fno-builtin -fPIC -std=c99   -D_GNU_SOURCE conftest.c >&5
configure:16993: $? = 0
configure:16993: result: yes
configure:17009: checking whether PTRACE_TRACEME is declared
configure:17009: gcc -c -DHAVE_SGX=1 -DUNW_LOCAL_ONLY -fno-builtin -fPIC -std=c99   -D_GNU_SOURCE conftest.c >&5
configure:17009: $? = 0
configure:17009: result: yes
configure:17025: checking whether PTRACE_CONT is declared
configure:17025: gcc -c -DHAVE_SGX=1 -DUNW_LOCAL_ONLY -fno-builtin -fPIC -std=c99   -D_GNU_SOURCE conftest.c >&5
configure:17025: $? = 0
configure:17025: result: yes
configure:17041: checking whether PTRACE_SINGLESTEP is declared
configure:17041: gcc -c -DHAVE_SGX=1 -DUNW_LOCAL_ONLY -fno-builtin -fPIC -std=c99   -D_GNU_SOURCE conftest.c >&5
configure:17041: $? = 0
configure:17041: result: yes
configure:17057: checking whether PTRACE_SYSCALL is declared
configure:17057: gcc -c -DHAVE_SGX=1 -DUNW_LOCAL_ONLY -fno-builtin -fPIC -std=c99   -D_GNU_SOURCE conftest.c >&5
configure:17057: $? = 0
configure:17057: result: yes
configure:17073: checking whether PT_IO is declared
configure:17073: gcc -c -DHAVE_SGX=1 -DUNW_LOCAL_ONLY -fno-builtin -fPIC -std=c99   -D_GNU_SOURCE conftest.c >&5
conftest.c: In function 'main':
conftest.c:89:10: error: 'PT_IO' undeclared (first use in this function)
   (void) PT_IO;
          ^
conftest.c:89:10: note: each undeclared identifier is reported only once for each function it appears in
configure:17073: $? = 1
configure: failed program was:
| /* confdefs.h */
| #define PACKAGE_NAME "libunwind"
| #define PACKAGE_TARNAME "libunwind"
| #define PACKAGE_VERSION "1.0"
| #define PACKAGE_STRING "libunwind 1.0"
| #define PACKAGE_BUGREPORT "libunwind-devel@nongnu.org"
| #define PACKAGE_URL ""
| #define PACKAGE "libunwind"
| #define VERSION "1.0"
| #define STDC_HEADERS 1
| #define HAVE_SYS_TYPES_H 1
| #define HAVE_SYS_STAT_H 1
| #define HAVE_STDLIB_H 1
| #define HAVE_STRING_H 1
| #define HAVE_MEMORY_H 1
| #define HAVE_STRINGS_H 1
| #define HAVE_INTTYPES_H 1
| #define HAVE_STDINT_H 1
| #define HAVE_UNISTD_H 1
| #define HAVE_DLFCN_H 1
| #define LT_OBJDIR ".libs/"
| #define STDC_HEADERS 1
| #define HAVE_ENDIAN_H 1
| #define HAVE_EXECINFO_H 1
| #define HAVE_UNISTD_H 1
| #define HAVE_SIGNAL_H 1
| #define HAVE_SYS_TYPES_H 1
| #define HAVE_SYS_PROCFS_H 1
| #define HAVE_SYS_PTRACE_H 1
| #define HAVE_BYTESWAP_H 1
| #define RETSIGTYPE void
| #define SIZEOF_OFF_T 8
| #define HAVE_STRUCT_DL_PHDR_INFO_DLPI_SUBS 1
| #define HAVE_SIGHANDLER_T 1
| #define HAVE_STRUCT_ELF_PRSTATUS 1
| #define HAVE_DECL_PTRACE_POKEUSER 1
| #define HAVE_DECL_PTRACE_POKEDATA 1
| #define HAVE_DECL_PTRACE_TRACEME 1
| #define HAVE_DECL_PTRACE_CONT 1
| #define HAVE_DECL_PTRACE_SINGLESTEP 1
| #define HAVE_DECL_PTRACE_SYSCALL 1
| /* end confdefs.h.  */
| #include <stdio.h>
| #ifdef HAVE_SYS_TYPES_H
| # include <sys/types.h>
| #endif
| #ifdef HAVE_SYS_STAT_H
| # include <sys/stat.h>
| #endif
| #ifdef STDC_HEADERS
| # include <stdlib.h>
| # include <stddef.h>
| #else
| # ifdef HAVE_STDLIB_H
| #  include <stdlib.h>
| # endif
| #endif
| #ifdef HAVE_STRING_H
| # if !defined STDC_HEADERS && defined HAVE_MEMORY_H
| #  include <memory.h>
| # endif
| # include <string.h>
| #endif
| #ifdef HAVE_STRINGS_H
| # include <strings.h>
| #endif
| #ifdef HAVE_INTTYPES_H
| # include <inttypes.h>
| #endif
| #ifdef HAVE_STDINT_H
| # include <stdint.h>
| #endif
| #ifdef HAVE_UNISTD_H
| # include <unistd.h>
| #endif
| #if HAVE_SYS_TYPES_H
| #include <sys/types.h>
| #endif
| #include <sys/ptrace.h>
| 
| 
| int
| main ()
| {
| #ifndef PT_IO
| #ifdef __cplusplus
|   (void) PT_IO;
| #else
|   (void) PT_IO;
| #endif
| #endif
| 
|   ;
|   return 0;
| }
configure:17073: result: no
configure:17089: checking whether PT_GETREGS is declared
configure:17089: gcc -c -DHAVE_SGX=1 -DUNW_LOCAL_ONLY -fno-builtin -fPIC -std=c99   -D_GNU_SOURCE conftest.c >&5
configure:17089: $? = 0
configure:17089: result: yes
configure:17105: checking whether PT_GETFPREGS is declared
configure:17105: gcc -c -DHAVE_SGX=1 -DUNW_LOCAL_ONLY -fno-builtin -fPIC -std=c99   -D_GNU_SOURCE conftest.c >&5
configure:17105: $? = 0
configure:17105: result: yes
configure:17121: checking whether PT_CONTINUE is declared
configure:17121: gcc -c -DHAVE_SGX=1 -DUNW_LOCAL_ONLY -fno-builtin -fPIC -std=c99   -D_GNU_SOURCE conftest.c >&5
configure:17121: $? = 0
configure:17121: result: yes
configure:17137: checking whether PT_TRACE_ME is declared
configure:17137: gcc -c -DHAVE_SGX=1 -DUNW_LOCAL_ONLY -fno-builtin -fPIC -std=c99   -D_GNU_SOURCE conftest.c >&5
configure:17137: $? = 0
configure:17137: result: yes
configure:17153: checking whether PT_STEP is declared
configure:17153: gcc -c -DHAVE_SGX=1 -DUNW_LOCAL_ONLY -fno-builtin -fPIC -std=c99   -D_GNU_SOURCE conftest.c >&5
configure:17153: $? = 0
configure:17153: result: yes
configure:17169: checking whether PT_SYSCALL is declared
configure:17169: gcc -c -DHAVE_SGX=1 -DUNW_LOCAL_ONLY -fno-builtin -fPIC -std=c99   -D_GNU_SOURCE conftest.c >&5
configure:17169: $? = 0
configure:17169: result: yes
configure:17187: checking for working memcmp
configure:17230: gcc -o conftest -DHAVE_SGX=1 -DUNW_LOCAL_ONLY -fno-builtin -fPIC -std=c99   -D_GNU_SOURCE  conftest.c  >&5
configure:17230: $? = 0
configure:17230: ./conftest
configure:17230: $? = 0
configure:17240: result: yes
configure:17249: checking return type of signal handlers
configure:17274: result: void
configure:17286: checking for dl_iterate_phdr
configure:17286: gcc -o conftest -DHAVE_SGX=1 -DUNW_LOCAL_ONLY -fno-builtin -fPIC -std=c99   -D_GNU_SOURCE  conftest.c  >&5
configure:17286: $? = 0
configure:17286: result: yes
configure:17286: checking for dl_phdr_removals_counter
configure:17286: gcc -o conftest -DHAVE_SGX=1 -DUNW_LOCAL_ONLY -fno-builtin -fPIC -std=c99   -D_GNU_SOURCE  conftest.c  >&5
/tmp/ccJnERgM.o: In function `main':
conftest.c:(.text+0xa): undefined reference to `dl_phdr_removals_counter'
collect2: error: ld returned 1 exit status
configure:17286: $? = 1
configure: failed program was:
| /* confdefs.h */
| #define PACKAGE_NAME "libunwind"
| #define PACKAGE_TARNAME "libunwind"
| #define PACKAGE_VERSION "1.0"
| #define PACKAGE_STRING "libunwind 1.0"
| #define PACKAGE_BUGREPORT "libunwind-devel@nongnu.org"
| #define PACKAGE_URL ""
| #define PACKAGE "libunwind"
| #define VERSION "1.0"
| #define STDC_HEADERS 1
| #define HAVE_SYS_TYPES_H 1
| #define HAVE_SYS_STAT_H 1
| #define HAVE_STDLIB_H 1
| #define HAVE_STRING_H 1
| #define HAVE_MEMORY_H 1
| #define HAVE_STRINGS_H 1
| #define HAVE_INTTYPES_H 1
| #define HAVE_STDINT_H 1
| #define HAVE_UNISTD_H 1
| #define HAVE_DLFCN_H 1
| #define LT_OBJDIR ".libs/"
| #define STDC_HEADERS 1
| #define HAVE_ENDIAN_H 1
| #define HAVE_EXECINFO_H 1
| #define HAVE_UNISTD_H 1
| #define HAVE_SIGNAL_H 1
| #define HAVE_SYS_TYPES_H 1
| #define HAVE_SYS_PROCFS_H 1
| #define HAVE_SYS_PTRACE_H 1
| #define HAVE_BYTESWAP_H 1
| #define RETSIGTYPE void
| #define SIZEOF_OFF_T 8
| #define HAVE_STRUCT_DL_PHDR_INFO_DLPI_SUBS 1
| #define HAVE_SIGHANDLER_T 1
| #define HAVE_STRUCT_ELF_PRSTATUS 1
| #define HAVE_DECL_PTRACE_POKEUSER 1
| #define HAVE_DECL_PTRACE_POKEDATA 1
| #define HAVE_DECL_PTRACE_TRACEME 1
| #define HAVE_DECL_PTRACE_CONT 1
| #define HAVE_DECL_PTRACE_SINGLESTEP 1
| #define HAVE_DECL_PTRACE_SYSCALL 1
| #define HAVE_DECL_PT_IO 0
| #define HAVE_DECL_PT_GETREGS 1
| #define HAVE_DECL_PT_GETFPREGS 1
| #define HAVE_DECL_PT_CONTINUE 1
| #define HAVE_DECL_PT_TRACE_ME 1
| #define HAVE_DECL_PT_STEP 1
| #define HAVE_DECL_PT_SYSCALL 1
| #define RETSIGTYPE void
| #define HAVE_DL_ITERATE_PHDR 1
| /* end confdefs.h.  */
| /* Define dl_phdr_removals_counter to an innocuous variant, in case <limits.h> declares dl_phdr_removals_counter.
|    For example, HP-UX 11i <limits.h> declares gettimeofday.  */
| #define dl_phdr_removals_counter innocuous_dl_phdr_removals_counter
| 
| /* System header to define __stub macros and hopefully few prototypes,
|     which can conflict with char dl_phdr_removals_counter (); below.
|     Prefer <limits.h> to <assert.h> if __STDC__ is defined, since
|     <limits.h> exists even on freestanding compilers.  */
| 
| #ifdef __STDC__
| # include <limits.h>
| #else
| # include <assert.h>
| #endif
| 
| #undef dl_phdr_removals_counter
| 
| /* Override any GCC internal prototype to avoid an error.
|    Use char because int might match the return type of a GCC
|    builtin and then its argument prototype would still apply.  */
| #ifdef __cplusplus
| extern "C"
| #endif
| char dl_phdr_removals_counter ();
| /* The GNU C library defines this for functions which it implements
|     to always fail with ENOSYS.  Some functions are actually named
|     something starting with __ and the normal name is an alias.  */
| #if defined __stub_dl_phdr_removals_counter || defined __stub___dl_phdr_removals_counter
| choke me
| #endif
| 
| int
| main ()
| {
| return dl_phdr_removals_counter ();
|   ;
|   return 0;
| }
configure:17286: result: no
configure:17286: checking for dlmodinfo
configure:17286: gcc -o conftest -DHAVE_SGX=1 -DUNW_LOCAL_ONLY -fno-builtin -fPIC -std=c99   -D_GNU_SOURCE  conftest.c  >&5
/tmp/ccDbNhRL.o: In function `main':
conftest.c:(.text+0xa): undefined reference to `dlmodinfo'
collect2: error: ld returned 1 exit status
configure:17286: $? = 1
configure: failed program was:
| /* confdefs.h */
| #define PACKAGE_NAME "libunwind"
| #define PACKAGE_TARNAME "libunwind"
| #define PACKAGE_VERSION "1.0"
| #define PACKAGE_STRING "libunwind 1.0"
| #define PACKAGE_BUGREPORT "libunwind-devel@nongnu.org"
| #define PACKAGE_URL ""
| #define PACKAGE "libunwind"
| #define VERSION "1.0"
| #define STDC_HEADERS 1
| #define HAVE_SYS_TYPES_H 1
| #define HAVE_SYS_STAT_H 1
| #define HAVE_STDLIB_H 1
| #define HAVE_STRING_H 1
| #define HAVE_MEMORY_H 1
| #define HAVE_STRINGS_H 1
| #define HAVE_INTTYPES_H 1
| #define HAVE_STDINT_H 1
| #define HAVE_UNISTD_H 1
| #define HAVE_DLFCN_H 1
| #define LT_OBJDIR ".libs/"
| #define STDC_HEADERS 1
| #define HAVE_ENDIAN_H 1
| #define HAVE_EXECINFO_H 1
| #define HAVE_UNISTD_H 1
| #define HAVE_SIGNAL_H 1
| #define HAVE_SYS_TYPES_H 1
| #define HAVE_SYS_PROCFS_H 1
| #define HAVE_SYS_PTRACE_H 1
| #define HAVE_BYTESWAP_H 1
| #define RETSIGTYPE void
| #define SIZEOF_OFF_T 8
| #define HAVE_STRUCT_DL_PHDR_INFO_DLPI_SUBS 1
| #define HAVE_SIGHANDLER_T 1
| #define HAVE_STRUCT_ELF_PRSTATUS 1
| #define HAVE_DECL_PTRACE_POKEUSER 1
| #define HAVE_DECL_PTRACE_POKEDATA 1
| #define HAVE_DECL_PTRACE_TRACEME 1
| #define HAVE_DECL_PTRACE_CONT 1
| #define HAVE_DECL_PTRACE_SINGLESTEP 1
| #define HAVE_DECL_PTRACE_SYSCALL 1
| #define HAVE_DECL_PT_IO 0
| #define HAVE_DECL_PT_GETREGS 1
| #define HAVE_DECL_PT_GETFPREGS 1
| #define HAVE_DECL_PT_CONTINUE 1
| #define HAVE_DECL_PT_TRACE_ME 1
| #define HAVE_DECL_PT_STEP 1
| #define HAVE_DECL_PT_SYSCALL 1
| #define RETSIGTYPE void
| #define HAVE_DL_ITERATE_PHDR 1
| /* end confdefs.h.  */
| /* Define dlmodinfo to an innocuous variant, in case <limits.h> declares dlmodinfo.
|    For example, HP-UX 11i <limits.h> declares gettimeofday.  */
| #define dlmodinfo innocuous_dlmodinfo
| 
| /* System header to define __stub macros and hopefully few prototypes,
|     which can conflict with char dlmodinfo (); below.
|     Prefer <limits.h> to <assert.h> if __STDC__ is defined, since
|     <limits.h> exists even on freestanding compilers.  */
| 
| #ifdef __STDC__
| # include <limits.h>
| #else
| # include <assert.h>
| #endif
| 
| #undef dlmodinfo
| 
| /* Override any GCC internal prototype to avoid an error.
|    Use char because int might match the return type of a GCC
|    builtin and then its argument prototype would still apply.  */
| #ifdef __cplusplus
| extern "C"
| #endif
| char dlmodinfo ();
| /* The GNU C library defines this for functions which it implements
|     to always fail with ENOSYS.  Some functions are actually named
|     something starting with __ and the normal name is an alias.  */
| #if defined __stub_dlmodinfo || defined __stub___dlmodinfo
| choke me
| #endif
| 
| int
| main ()
| {
| return dlmodinfo ();
|   ;
|   return 0;
| }
configure:17286: result: no
configure:17286: checking for getunwind
configure:17286: gcc -o conftest -DHAVE_SGX=1 -DUNW_LOCAL_ONLY -fno-builtin -fPIC -std=c99   -D_GNU_SOURCE  conftest.c  >&5
/tmp/cc7uq1BN.o: In function `main':
conftest.c:(.text+0xa): undefined reference to `getunwind'
collect2: error: ld returned 1 exit status
configure:17286: $? = 1
configure: failed program was:
| /* confdefs.h */
| #define PACKAGE_NAME "libunwind"
| #define PACKAGE_TARNAME "libunwind"
| #define PACKAGE_VERSION "1.0"
| #define PACKAGE_STRING "libunwind 1.0"
| #define PACKAGE_BUGREPORT "libunwind-devel@nongnu.org"
| #define PACKAGE_URL ""
| #define PACKAGE "libunwind"
| #define VERSION "1.0"
| #define STDC_HEADERS 1
| #define HAVE_SYS_TYPES_H 1
| #define HAVE_SYS_STAT_H 1
| #define HAVE_STDLIB_H 1
| #define HAVE_STRING_H 1
| #define HAVE_MEMORY_H 1
| #define HAVE_STRINGS_H 1
| #define HAVE_INTTYPES_H 1
| #define HAVE_STDINT_H 1
| #define HAVE_UNISTD_H 1
| #define HAVE_DLFCN_H 1
| #define LT_OBJDIR ".libs/"
| #define STDC_HEADERS 1
| #define HAVE_ENDIAN_H 1
| #define HAVE_EXECINFO_H 1
| #define HAVE_UNISTD_H 1
| #define HAVE_SIGNAL_H 1
| #define HAVE_SYS_TYPES_H 1
| #define HAVE_SYS_PROCFS_H 1
| #define HAVE_SYS_PTRACE_H 1
| #define HAVE_BYTESWAP_H 1
| #define RETSIGTYPE void
| #define SIZEOF_OFF_T 8
| #define HAVE_STRUCT_DL_PHDR_INFO_DLPI_SUBS 1
| #define HAVE_SIGHANDLER_T 1
| #define HAVE_STRUCT_ELF_PRSTATUS 1
| #define HAVE_DECL_PTRACE_POKEUSER 1
| #define HAVE_DECL_PTRACE_POKEDATA 1
| #define HAVE_DECL_PTRACE_TRACEME 1
| #define HAVE_DECL_PTRACE_CONT 1
| #define HAVE_DECL_PTRACE_SINGLESTEP 1
| #define HAVE_DECL_PTRACE_SYSCALL 1
| #define HAVE_DECL_PT_IO 0
| #define HAVE_DECL_PT_GETREGS 1
| #define HAVE_DECL_PT_GETFPREGS 1
| #define HAVE_DECL_PT_CONTINUE 1
| #define HAVE_DECL_PT_TRACE_ME 1
| #define HAVE_DECL_PT_STEP 1
| #define HAVE_DECL_PT_SYSCALL 1
| #define RETSIGTYPE void
| #define HAVE_DL_ITERATE_PHDR 1
| /* end confdefs.h.  */
| /* Define getunwind to an innocuous variant, in case <limits.h> declares getunwind.
|    For example, HP-UX 11i <limits.h> declares gettimeofday.  */
| #define getunwind innocuous_getunwind
| 
| /* System header to define __stub macros and hopefully few prototypes,
|     which can conflict with char getunwind (); below.
|     Prefer <limits.h> to <assert.h> if __STDC__ is defined, since
|     <limits.h> exists even on freestanding compilers.  */
| 
| #ifdef __STDC__
| # include <limits.h>
| #else
| # include <assert.h>
| #endif
| 
| #undef getunwind
| 
| /* Override any GCC internal prototype to avoid an error.
|    Use char because int might match the return type of a GCC
|    builtin and then its argument prototype would still apply.  */
| #ifdef __cplusplus
| extern "C"
| #endif
| char getunwind ();
| /* The GNU C library defines this for functions which it implements
|     to always fail with ENOSYS.  Some functions are actually named
|     something starting with __ and the normal name is an alias.  */
| #if defined __stub_getunwind || defined __stub___getunwind
| choke me
| #endif
| 
| int
| main ()
| {
| return getunwind ();
|   ;
|   return 0;
| }
configure:17286: result: no
configure:17286: checking for ttrace
configure:17286: gcc -o conftest -DHAVE_SGX=1 -DUNW_LOCAL_ONLY -fno-builtin -fPIC -std=c99   -D_GNU_SOURCE  conftest.c  >&5
/tmp/ccZYqNUR.o: In function `main':
conftest.c:(.text+0xa): undefined reference to `ttrace'
collect2: error: ld returned 1 exit status
configure:17286: $? = 1
configure: failed program was:
| /* confdefs.h */
| #define PACKAGE_NAME "libunwind"
| #define PACKAGE_TARNAME "libunwind"
| #define PACKAGE_VERSION "1.0"
| #define PACKAGE_STRING "libunwind 1.0"
| #define PACKAGE_BUGREPORT "libunwind-devel@nongnu.org"
| #define PACKAGE_URL ""
| #define PACKAGE "libunwind"
| #define VERSION "1.0"
| #define STDC_HEADERS 1
| #define HAVE_SYS_TYPES_H 1
| #define HAVE_SYS_STAT_H 1
| #define HAVE_STDLIB_H 1
| #define HAVE_STRING_H 1
| #define HAVE_MEMORY_H 1
| #define HAVE_STRINGS_H 1
| #define HAVE_INTTYPES_H 1
| #define HAVE_STDINT_H 1
| #define HAVE_UNISTD_H 1
| #define HAVE_DLFCN_H 1
| #define LT_OBJDIR ".libs/"
| #define STDC_HEADERS 1
| #define HAVE_ENDIAN_H 1
| #define HAVE_EXECINFO_H 1
| #define HAVE_UNISTD_H 1
| #define HAVE_SIGNAL_H 1
| #define HAVE_SYS_TYPES_H 1
| #define HAVE_SYS_PROCFS_H 1
| #define HAVE_SYS_PTRACE_H 1
| #define HAVE_BYTESWAP_H 1
| #define RETSIGTYPE void
| #define SIZEOF_OFF_T 8
| #define HAVE_STRUCT_DL_PHDR_INFO_DLPI_SUBS 1
| #define HAVE_SIGHANDLER_T 1
| #define HAVE_STRUCT_ELF_PRSTATUS 1
| #define HAVE_DECL_PTRACE_POKEUSER 1
| #define HAVE_DECL_PTRACE_POKEDATA 1
| #define HAVE_DECL_PTRACE_TRACEME 1
| #define HAVE_DECL_PTRACE_CONT 1
| #define HAVE_DECL_PTRACE_SINGLESTEP 1
| #define HAVE_DECL_PTRACE_SYSCALL 1
| #define HAVE_DECL_PT_IO 0
| #define HAVE_DECL_PT_GETREGS 1
| #define HAVE_DECL_PT_GETFPREGS 1
| #define HAVE_DECL_PT_CONTINUE 1
| #define HAVE_DECL_PT_TRACE_ME 1
| #define HAVE_DECL_PT_STEP 1
| #define HAVE_DECL_PT_SYSCALL 1
| #define RETSIGTYPE void
| #define HAVE_DL_ITERATE_PHDR 1
| /* end confdefs.h.  */
| /* Define ttrace to an innocuous variant, in case <limits.h> declares ttrace.
|    For example, HP-UX 11i <limits.h> declares gettimeofday.  */
| #define ttrace innocuous_ttrace
| 
| /* System header to define __stub macros and hopefully few prototypes,
|     which can conflict with char ttrace (); below.
|     Prefer <limits.h> to <assert.h> if __STDC__ is defined, since
|     <limits.h> exists even on freestanding compilers.  */
| 
| #ifdef __STDC__
| # include <limits.h>
| #else
| # include <assert.h>
| #endif
| 
| #undef ttrace
| 
| /* Override any GCC internal prototype to avoid an error.
|    Use char because int might match the return type of a GCC
|    builtin and then its argument prototype would still apply.  */
| #ifdef __cplusplus
| extern "C"
| #endif
| char ttrace ();
| /* The GNU C library defines this for functions which it implements
|     to always fail with ENOSYS.  Some functions are actually named
|     something starting with __ and the normal name is an alias.  */
| #if defined __stub_ttrace || defined __stub___ttrace
| choke me
| #endif
| 
| int
| main ()
| {
| return ttrace ();
|   ;
|   return 0;
| }
configure:17286: result: no
configure:17286: checking for mincore
configure:17286: gcc -o conftest -DHAVE_SGX=1 -DUNW_LOCAL_ONLY -fno-builtin -fPIC -std=c99   -D_GNU_SOURCE  conftest.c  >&5
configure:17286: $? = 0
configure:17286: result: yes
configure:17309: checking if building with AltiVec
configure:17324: result: no
configure:17344: checking for build architecture
configure:17346: result: x86_64
configure:17348: checking for host architecture
configure:17350: result: x86_64
configure:17352: checking for target architecture
configure:17354: result: x86_64
configure:17356: checking for target operating system
configure:17358: result: linux-gnu
configure:17458: checking for ELF helper width
configure:17463: result: 64
configure:17494: checking whether to include DWARF support
configure:17509: result: yes
configure:17519: checking whether to restrict build to remote support
configure:17527: result: no
configure:17530: checking whether to enable debug support
configure:17544: result: no
configure:17547: checking whether to enable C++ exception support
configure:17573: result: yes
configure:17576: checking whether to load .debug_frame sections
configure:17594: result: no
configure:17597: checking whether to block signals during mutex ops
configure:17611: result: no
configure:17614: checking whether to validate memory addresses before use
configure:17628: result: yes
configure:17631: checking whether to enable msabi support
configure:17645: result: no
configure:17649: checking for __thread
configure:17658: gcc -DHAVE_SGX=1 -DUNW_LOCAL_ONLY -fno-builtin -fPIC -std=c99  -c conftest.c >&5
configure:17661: $? = 0
configure:17669: result: yes
configure:17680: checking for Intel compiler
configure:17695: gcc -c -DHAVE_SGX=1 -DUNW_LOCAL_ONLY -fno-builtin -fPIC -std=c99   -D_GNU_SOURCE -DNDEBUG conftest.c >&5
conftest.c: In function 'main':
conftest.c:60:2: error: #error choke me
 #error choke me
  ^
configure:17695: $? = 1
configure: failed program was:
| /* confdefs.h */
| #define PACKAGE_NAME "libunwind"
| #define PACKAGE_TARNAME "libunwind"
| #define PACKAGE_VERSION "1.0"
| #define PACKAGE_STRING "libunwind 1.0"
| #define PACKAGE_BUGREPORT "libunwind-devel@nongnu.org"
| #define PACKAGE_URL ""
| #define PACKAGE "libunwind"
| #define VERSION "1.0"
| #define STDC_HEADERS 1
| #define HAVE_SYS_TYPES_H 1
| #define HAVE_SYS_STAT_H 1
| #define HAVE_STDLIB_H 1
| #define HAVE_STRING_H 1
| #define HAVE_MEMORY_H 1
| #define HAVE_STRINGS_H 1
| #define HAVE_INTTYPES_H 1
| #define HAVE_STDINT_H 1
| #define HAVE_UNISTD_H 1
| #define HAVE_DLFCN_H 1
| #define LT_OBJDIR ".libs/"
| #define STDC_HEADERS 1
| #define HAVE_ENDIAN_H 1
| #define HAVE_EXECINFO_H 1
| #define HAVE_UNISTD_H 1
| #define HAVE_SIGNAL_H 1
| #define HAVE_SYS_TYPES_H 1
| #define HAVE_SYS_PROCFS_H 1
| #define HAVE_SYS_PTRACE_H 1
| #define HAVE_BYTESWAP_H 1
| #define RETSIGTYPE void
| #define SIZEOF_OFF_T 8
| #define HAVE_STRUCT_DL_PHDR_INFO_DLPI_SUBS 1
| #define HAVE_SIGHANDLER_T 1
| #define HAVE_STRUCT_ELF_PRSTATUS 1
| #define HAVE_DECL_PTRACE_POKEUSER 1
| #define HAVE_DECL_PTRACE_POKEDATA 1
| #define HAVE_DECL_PTRACE_TRACEME 1
| #define HAVE_DECL_PTRACE_CONT 1
| #define HAVE_DECL_PTRACE_SINGLESTEP 1
| #define HAVE_DECL_PTRACE_SYSCALL 1
| #define HAVE_DECL_PT_IO 0
| #define HAVE_DECL_PT_GETREGS 1
| #define HAVE_DECL_PT_GETFPREGS 1
| #define HAVE_DECL_PT_CONTINUE 1
| #define HAVE_DECL_PT_TRACE_ME 1
| #define HAVE_DECL_PT_STEP 1
| #define HAVE_DECL_PT_SYSCALL 1
| #define RETSIGTYPE void
| #define HAVE_DL_ITERATE_PHDR 1
| #define HAVE_MINCORE 1
| #define CONSERVATIVE_CHECKS 1
| #define HAVE___THREAD 1
| /* end confdefs.h.  */
| 
| int
| main ()
| {
| #ifndef __INTEL_COMPILER
| #error choke me
| #endif
|   ;
|   return 0;
| }
configure:17706: result: no
configure:17752: checking for library containing backtrace
configure:17783: gcc -o conftest -DHAVE_SGX=1 -DUNW_LOCAL_ONLY -fno-builtin -fPIC -std=c99  -fexceptions -Wall -Wsign-compare  -D_GNU_SOURCE -DNDEBUG  conftest.c  >&5
configure:17783: $? = 0
configure:17800: result: none required
configure:17944: checking that generated files are newer than configure
configure:17950: result: done
configure:18061: creating ./config.status

## ---------------------- ##
## Running config.status. ##
## ---------------------- ##

This file was extended by libunwind config.status 1.0, which was
generated by GNU Autoconf 2.69.  Invocation command line was

  CONFIG_FILES    = 
  CONFIG_HEADERS  = 
  CONFIG_LINKS    = 
  CONFIG_COMMANDS = 
  $ ./config.status 

on max-OptiPlex-7040

config.status:1246: creating Makefile
config.status:1246: creating src/Makefile
config.status:1246: creating include/libunwind-common.h
config.status:1246: creating include/libunwind.h
config.status:1246: creating include/tdep/libunwind_i.h
config.status:1246: creating include/config.h
config.status:1475: executing depfiles commands
config.status:1475: executing libtool commands

## ---------------- ##
## Cache variables. ##
## ---------------- ##

ac_cv_build=x86_64-pc-linux-gnu
ac_cv_c_compiler_gnu=yes
ac_cv_c_const=yes
ac_cv_c_inline=inline
ac_cv_cxx_compiler_gnu=yes
ac_cv_env_CCASFLAGS_set=
ac_cv_env_CCASFLAGS_value=
ac_cv_env_CCAS_set=
ac_cv_env_CCAS_value=
ac_cv_env_CCC_set=
ac_cv_env_CCC_value=
ac_cv_env_CC_set=
ac_cv_env_CC_value=
ac_cv_env_CFLAGS_set=set
ac_cv_env_CFLAGS_value='-DHAVE_SGX=1 -DUNW_LOCAL_ONLY -fno-builtin -fPIC -std=c99 '
ac_cv_env_CPPFLAGS_set=
ac_cv_env_CPPFLAGS_value=
ac_cv_env_CPP_set=
ac_cv_env_CPP_value=
ac_cv_env_CXXCPP_set=
ac_cv_env_CXXCPP_value=
ac_cv_env_CXXFLAGS_set=
ac_cv_env_CXXFLAGS_value=
ac_cv_env_CXX_set=
ac_cv_env_CXX_value=
ac_cv_env_LDFLAGS_set=
ac_cv_env_LDFLAGS_value=
ac_cv_env_LIBS_set=
ac_cv_env_LIBS_value=
ac_cv_env_LT_SYS_LIBRARY_PATH_set=
ac_cv_env_LT_SYS_LIBRARY_PATH_value=
ac_cv_env_build_alias_set=
ac_cv_env_build_alias_value=
ac_cv_env_host_alias_set=
ac_cv_env_host_alias_value=
ac_cv_env_target_alias_set=
ac_cv_env_target_alias_value=
ac_cv_func_dl_iterate_phdr=yes
ac_cv_func_dl_phdr_removals_counter=no
ac_cv_func_dlmodinfo=no
ac_cv_func_getunwind=no
ac_cv_func_memcmp_working=yes
ac_cv_func_mincore=yes
ac_cv_func_ttrace=no
ac_cv_have_decl_PTRACE_CONT=yes
ac_cv_have_decl_PTRACE_POKEDATA=yes
ac_cv_have_decl_PTRACE_POKEUSER=yes
ac_cv_have_decl_PTRACE_SINGLESTEP=yes
ac_cv_have_decl_PTRACE_SYSCALL=yes
ac_cv_have_decl_PTRACE_TRACEME=yes
ac_cv_have_decl_PT_CONTINUE=yes
ac_cv_have_decl_PT_GETFPREGS=yes
ac_cv_have_decl_PT_GETREGS=yes
ac_cv_have_decl_PT_IO=no
ac_cv_have_decl_PT_STEP=yes
ac_cv_have_decl_PT_SYSCALL=yes
ac_cv_have_decl_PT_TRACE_ME=yes
ac_cv_header_asm_ptrace_offsets_h=no
ac_cv_header_atomic_ops_h=no
ac_cv_header_byteswap_h=yes
ac_cv_header_dlfcn_h=yes
ac_cv_header_endian_h=yes
ac_cv_header_execinfo_h=yes
ac_cv_header_ia64intrin_h=no
ac_cv_header_inttypes_h=yes
ac_cv_header_memory_h=yes
ac_cv_header_signal_h=yes
ac_cv_header_stdc=yes
ac_cv_header_stdint_h=yes
ac_cv_header_stdlib_h=yes
ac_cv_header_string_h=yes
ac_cv_header_strings_h=yes
ac_cv_header_sys_endian_h=no
ac_cv_header_sys_procfs_h=yes
ac_cv_header_sys_ptrace_h=yes
ac_cv_header_sys_stat_h=yes
ac_cv_header_sys_types_h=yes
ac_cv_header_sys_uc_access_h=no
ac_cv_header_unistd_h=yes
ac_cv_host=x86_64-pc-linux-gnu
ac_cv_lib_uca___uc_get_grs=no
ac_cv_member_struct_dl_phdr_info_dlpi_subs=yes
ac_cv_objext=o
ac_cv_path_EGREP='/bin/grep -E'
ac_cv_path_FGREP='/bin/grep -F'
ac_cv_path_GREP=/bin/grep
ac_cv_path_SED=/bin/sed
ac_cv_path_install='/usr/bin/install -c'
ac_cv_path_lt_DD=/bin/dd
ac_cv_path_mkdir=/bin/mkdir
ac_cv_prog_AWK=mawk
ac_cv_prog_CPP='gcc -E'
ac_cv_prog_CXXCPP='g++ -E'
ac_cv_prog_ac_ct_AR=ar
ac_cv_prog_ac_ct_CC=gcc
ac_cv_prog_ac_ct_CXX=g++
ac_cv_prog_ac_ct_MANIFEST_TOOL=mt
ac_cv_prog_ac_ct_OBJDUMP=objdump
ac_cv_prog_ac_ct_RANLIB=ranlib
ac_cv_prog_ac_ct_STRIP=strip
ac_cv_prog_cc_c89=
ac_cv_prog_cc_g=yes
ac_cv_prog_cxx_g=yes
ac_cv_prog_make_make_set=yes
ac_cv_search_backtrace='none required'
ac_cv_search_dlopen=-ldl
ac_cv_sizeof_off_t=8
ac_cv_target=x86_64-pc-linux-gnu
ac_cv_type_sighandler_t=yes
ac_cv_type_signal=void
ac_cv_type_size_t=yes
ac_cv_type_struct_elf_prstatus=yes
ac_cv_type_struct_prstatus=no
am_cv_CCAS_dependencies_compiler_type=gcc3
am_cv_CC_dependencies_compiler_type=gcc3
am_cv_CXX_dependencies_compiler_type=gcc3
am_cv_make_support_nested_variables=yes
am_cv_prog_cc_c_o=yes
libc_cv_gcc___thread=yes
lt_cv_ar_at_file=@
lt_cv_deplibs_check_method=pass_all
lt_cv_file_magic_cmd='$MAGIC_CMD'
lt_cv_file_magic_test_file=
lt_cv_ld_reload_flag=-r
lt_cv_nm_interface='BSD nm'
lt_cv_objdir=.libs
lt_cv_path_LD=/usr/bin/ld
lt_cv_path_LDCXX='/usr/bin/ld -m elf_x86_64'
lt_cv_path_NM='/usr/bin/nm -B'
lt_cv_path_mainfest_tool=no
lt_cv_prog_compiler_c_o=yes
lt_cv_prog_compiler_c_o_CXX=yes
lt_cv_prog_compiler_pic='-fPIC -DPIC'
lt_cv_prog_compiler_pic_CXX='-fPIC -DPIC'
lt_cv_prog_compiler_pic_works=yes
lt_cv_prog_compiler_pic_works_CXX=yes
lt_cv_prog_compiler_rtti_exceptions=no
lt_cv_prog_compiler_static_works=yes
lt_cv_prog_compiler_static_works_CXX=yes
lt_cv_prog_gnu_ld=yes
lt_cv_prog_gnu_ldcxx=yes
lt_cv_sharedlib_from_linklib_cmd='printf %s\n'
lt_cv_shlibpath_overrides_runpath=no
lt_cv_sys_global_symbol_pipe='sed -n -e '\''s/^.*[	 ]\([ABCDGIRSTW][ABCDGIRSTW]*\)[	 ][	 ]*\([_A-Za-z][_A-Za-z0-9]*\)$/\1 \2 \2/p'\'' | sed '\''/ __gnu_lto/d'\'''
lt_cv_sys_global_symbol_to_c_name_address='sed -n -e '\''s/^: \(.*\) .*$/  {"\1", (void *) 0},/p'\'' -e '\''s/^[ABCDGIRSTW][ABCDGIRSTW]* .* \(.*\)$/  {"\1", (void *) \&\1},/p'\'''
lt_cv_sys_global_symbol_to_c_name_address_lib_prefix='sed -n -e '\''s/^: \(.*\) .*$/  {"\1", (void *) 0},/p'\'' -e '\''s/^[ABCDGIRSTW][ABCDGIRSTW]* .* \(lib.*\)$/  {"\1", (void *) \&\1},/p'\'' -e '\''s/^[ABCDGIRSTW][ABCDGIRSTW]* .* \(.*\)$/  {"lib\1", (void *) \&\1},/p'\'''
lt_cv_sys_global_symbol_to_cdecl='sed -n -e '\''s/^T .* \(.*\)$/extern int \1();/p'\'' -e '\''s/^[ABCDGIRSTW][ABCDGIRSTW]* .* \(.*\)$/extern char \1;/p'\'''
lt_cv_sys_global_symbol_to_import=
lt_cv_sys_max_cmd_len=1572864
lt_cv_to_host_file_cmd=func_convert_file_noop
lt_cv_to_tool_file_cmd=func_convert_file_noop
lt_cv_truncate_bin='/bin/dd bs=4096 count=1'

## ----------------- ##
## Output variables. ##
## ----------------- ##

ACLOCAL='${SHELL} /home/max/linux-sgx/sdk/cpprt/linux/libunwind/config/missing aclocal-1.15'
AMDEPBACKSLASH='\'
AMDEP_FALSE='#'
AMDEP_TRUE=''
AMTAR='$${TAR-tar}'
AM_BACKSLASH='\'
AM_DEFAULT_V='$(AM_DEFAULT_VERBOSITY)'
AM_DEFAULT_VERBOSITY='1'
AM_V='$(V)'
AR='ar'
ARCH='X86_64'
ARCH_ARM_FALSE=''
ARCH_ARM_TRUE='#'
ARCH_HPPA_FALSE=''
ARCH_HPPA_TRUE='#'
ARCH_IA64_FALSE=''
ARCH_IA64_TRUE='#'
ARCH_MIPS_FALSE=''
ARCH_MIPS_TRUE='#'
ARCH_PPC32_FALSE=''
ARCH_PPC32_TRUE='#'
ARCH_PPC64_FALSE=''
ARCH_PPC64_TRUE='#'
ARCH_X86_64_FALSE='#'
ARCH_X86_64_TRUE=''
ARCH_X86_FALSE=''
ARCH_X86_TRUE='#'
AUTOCONF='${SHELL} /home/max/linux-sgx/sdk/cpprt/linux/libunwind/config/missing autoconf'
AUTOHEADER='${SHELL} /home/max/linux-sgx/sdk/cpprt/linux/libunwind/config/missing autoheader'
AUTOMAKE='${SHELL} /home/max/linux-sgx/sdk/cpprt/linux/libunwind/config/missing automake-1.15'
AWK='mawk'
BACKTRACELIB=''
CC='gcc'
CCAS='gcc'
CCASDEPMODE='depmode=gcc3'
CCASFLAGS='-DHAVE_SGX=1 -DUNW_LOCAL_ONLY -fno-builtin -fPIC -std=c99   -D_GNU_SOURCE -DNDEBUG'
CCDEPMODE='depmode=gcc3'
CFLAGS='-DHAVE_SGX=1 -DUNW_LOCAL_ONLY -fno-builtin -fPIC -std=c99  -fexceptions -Wall -Wsign-compare'
CPP='gcc -E'
CPPFLAGS=' -D_GNU_SOURCE -DNDEBUG'
CXX='g++'
CXXCPP='g++ -E'
CXXDEPMODE='depmode=gcc3'
CXXFLAGS='-g -O2'
CYGPATH_W='echo'
DEFS='-DHAVE_CONFIG_H'
DEPDIR='.deps'
DLLIB='-ldl'
DLLTOOL='false'
DSYMUTIL=''
DUMPBIN=''
ECHO_C=''
ECHO_N='-n'
ECHO_T=''
EGREP='/bin/grep -E'
EXEEXT=''
FGREP='/bin/grep -F'
GREP='/bin/grep'
HAVE_BACKTRACE_FALSE='#'
HAVE_BACKTRACE_TRUE=''
INSTALL_DATA='${INSTALL} -m 644'
INSTALL_PROGRAM='${INSTALL}'
INSTALL_SCRIPT='${INSTALL}'
INSTALL_STRIP_PROGRAM='$(install_sh) -c -s'
LD='/usr/bin/ld -m elf_x86_64'
LDFLAGS=''
LDFLAGS_STATIC_LIBCXA=''
LIBCRTS='-lgcc'
LIBOBJS=''
LIBS=''
LIBTOOL='$(SHELL) $(top_builddir)/libtool'
LIPO=''
LN_S='ln -s'
LTLIBOBJS=''
LT_SYS_LIBRARY_PATH=''
MAINT='#'
MAINTAINER_MODE_FALSE=''
MAINTAINER_MODE_TRUE='#'
MAKEINFO='${SHELL} /home/max/linux-sgx/sdk/cpprt/linux/libunwind/config/missing makeinfo'
MANIFEST_TOOL=':'
MKDIR_P='/bin/mkdir -p'
NM='/usr/bin/nm -B'
NMEDIT=''
OBJDUMP='objdump'
OBJEXT='o'
OS_FREEBSD_FALSE=''
OS_FREEBSD_TRUE='#'
OS_HPUX_FALSE=''
OS_HPUX_TRUE='#'
OS_LINUX_FALSE='#'
OS_LINUX_TRUE=''
OTOOL64=''
OTOOL=''
PACKAGE='libunwind'
PACKAGE_BUGREPORT='libunwind-devel@nongnu.org'
PACKAGE_NAME='libunwind'
PACKAGE_STRING='libunwind 1.0'
PACKAGE_TARNAME='libunwind'
PACKAGE_URL=''
PACKAGE_VERSION='1.0'
PATH_SEPARATOR=':'
PKG_EXTRA=''
PKG_MAINTAINER='libunwind-devel@nongnu.org'
PKG_MAJOR='1'
PKG_MINOR='0'
RANLIB='ranlib'
REMOTE_ONLY_FALSE=''
REMOTE_ONLY_TRUE='#'
SED='/bin/sed'
SET_MAKE=''
SHELL='/bin/bash'
STRIP='strip'
SUPPORT_CXX_EXCEPTIONS_FALSE='#'
SUPPORT_CXX_EXCEPTIONS_TRUE=''
USE_ALTIVEC_FALSE=''
USE_ALTIVEC_TRUE='#'
USE_DWARF_FALSE='#'
USE_DWARF_TRUE=''
USE_ELF32_FALSE=''
USE_ELF32_TRUE='#'
USE_ELF64_FALSE='#'
USE_ELF64_TRUE=''
USE_ELFXX_FALSE=''
USE_ELFXX_TRUE='#'
VERSION='1.0'
ac_ct_AR='ar'
ac_ct_CC='gcc'
ac_ct_CXX='g++'
ac_ct_DUMPBIN=''
am__EXEEXT_FALSE=''
am__EXEEXT_TRUE='#'
am__fastdepCCAS_FALSE='#'
am__fastdepCCAS_TRUE=''
am__fastdepCC_FALSE='#'
am__fastdepCC_TRUE=''
am__fastdepCXX_FALSE='#'
am__fastdepCXX_TRUE=''
am__include='include'
am__isrc=''
am__leading_dot='.'
am__nodep='_no'
am__quote=''
am__tar='$${TAR-tar} chof - "$$tardir"'
am__untar='$${TAR-tar} xf -'
arch='x86_64'
bindir='${exec_prefix}/bin'
build='x86_64-pc-linux-gnu'
build_alias=''
build_arch='x86_64'
build_cpu='x86_64'
build_os='linux-gnu'
build_vendor='pc'
datadir='${datarootdir}'
datarootdir='${prefix}/share'
docdir='${datarootdir}/doc/${PACKAGE_TARNAME}'
dvidir='${docdir}'
enable_cxx_exceptions='yes'
enable_debug_frame='no'
exec_prefix='${prefix}'
host='x86_64-pc-linux-gnu'
host_alias=''
host_cpu='x86_64'
host_os='linux-gnu'
host_vendor='pc'
htmldir='${docdir}'
includedir='${prefix}/include'
infodir='${datarootdir}/info'
install_sh='${SHELL} /home/max/linux-sgx/sdk/cpprt/linux/libunwind/config/install-sh'
libdir='${exec_prefix}/lib'
libexecdir='${exec_prefix}/libexec'
localedir='${datarootdir}/locale'
localstatedir='${prefix}/var'
mandir='${datarootdir}/man'
mkdir_p='$(MKDIR_P)'
oldincludedir='/usr/include'
pdfdir='${docdir}'
prefix='/usr/local'
program_transform_name='s,x,x,'
psdir='${docdir}'
runstatedir='${localstatedir}/run'
sbindir='${exec_prefix}/sbin'
sharedstatedir='${prefix}/com'
sysconfdir='${prefix}/etc'
target='x86_64-pc-linux-gnu'
target_alias=''
target_cpu='x86_64'
target_os='linux-gnu'
target_vendor='pc'

## ----------- ##
## confdefs.h. ##
## ----------- ##

/* confdefs.h */
#define PACKAGE_NAME "libunwind"
#define PACKAGE_TARNAME "libunwind"
#define PACKAGE_VERSION "1.0"
#define PACKAGE_STRING "libunwind 1.0"
#define PACKAGE_BUGREPORT "libunwind-devel@nongnu.org"
#define PACKAGE_URL ""
#define PACKAGE "libunwind"
#define VERSION "1.0"
#define STDC_HEADERS 1
#define HAVE_SYS_TYPES_H 1
#define HAVE_SYS_STAT_H 1
#define HAVE_STDLIB_H 1
#define HAVE_STRING_H 1
#define HAVE_MEMORY_H 1
#define HAVE_STRINGS_H 1
#define HAVE_INTTYPES_H 1
#define HAVE_STDINT_H 1
#define HAVE_UNISTD_H 1
#define HAVE_DLFCN_H 1
#define LT_OBJDIR ".libs/"
#define STDC_HEADERS 1
#define HAVE_ENDIAN_H 1
#define HAVE_EXECINFO_H 1
#define HAVE_UNISTD_H 1
#define HAVE_SIGNAL_H 1
#define HAVE_SYS_TYPES_H 1
#define HAVE_SYS_PROCFS_H 1
#define HAVE_SYS_PTRACE_H 1
#define HAVE_BYTESWAP_H 1
#define RETSIGTYPE void
#define SIZEOF_OFF_T 8
#define HAVE_STRUCT_DL_PHDR_INFO_DLPI_SUBS 1
#define HAVE_SIGHANDLER_T 1
#define HAVE_STRUCT_ELF_PRSTATUS 1
#define HAVE_DECL_PTRACE_POKEUSER 1
#define HAVE_DECL_PTRACE_POKEDATA 1
#define HAVE_DECL_PTRACE_TRACEME 1
#define HAVE_DECL_PTRACE_CONT 1
#define HAVE_DECL_PTRACE_SINGLESTEP 1
#define HAVE_DECL_PTRACE_SYSCALL 1
#define HAVE_DECL_PT_IO 0
#define HAVE_DECL_PT_GETREGS 1
#define HAVE_DECL_PT_GETFPREGS 1
#define HAVE_DECL_PT_CONTINUE 1
#define HAVE_DECL_PT_TRACE_ME 1
#define HAVE_DECL_PT_STEP 1
#define HAVE_DECL_PT_SYSCALL 1
#define RETSIGTYPE void
#define HAVE_DL_ITERATE_PHDR 1
#define HAVE_MINCORE 1
#define CONSERVATIVE_CHECKS 1
#define HAVE___THREAD 1

configure: exit 0
